<?xml version="1.0" encoding="UTF-8"?>
<!-- Generated by org.testng.reporters.JUnitXMLReporter -->
<testsuite ignored="0" hostname="Stefans-MBP" failures="0" tests="2" name="AndroidTest2" time="0.16" errors="0" timestamp="2024-07-01T13:55:39 EEST">
  <testcase classname="org.rahulshettyacademy.AndroidTest2" name="FillForm_ErrorValidation" time="0.0">
    <skipped/>
  </testcase> <!-- FillForm_ErrorValidation -->
  <testcase classname="org.rahulshettyacademy.AndroidTest2" name="FillForm_PositiveFlow" time="0.0">
    <skipped/>
  </testcase> <!-- FillForm_PositiveFlow -->
</testsuite> <!-- AndroidTest2 -->
