<?xml version="1.0" encoding="UTF-8"?>
<!-- Generated by org.testng.reporters.JUnitXMLReporter -->
<testsuite ignored="0" hostname="Stefans-MacBook-Pro.local" failures="1" tests="2" name="End to end Framwork Test" time="60.516" errors="0" timestamp="2024-07-03T17:35:21 EEST">
  <testcase classname="org.rahulshettyacademy.AndroidTest" name="FillForm" time="15.935">
    <failure type="java.lang.IndexOutOfBoundsException" message="Index 0 out of bounds for length 0">
      <![CDATA[java.lang.IndexOutOfBoundsException: Index 0 out of bounds for length 0
at java.base/jdk.internal.util.Preconditions.outOfBounds(Preconditions.java:100)
at java.base/jdk.internal.util.Preconditions.outOfBoundsCheckIndex(Preconditions.java:106)
at java.base/jdk.internal.util.Preconditions.checkIndex(Preconditions.java:302)
at java.base/java.util.Objects.checkIndex(Objects.java:365)
at java.base/java.util.ArrayList.get(ArrayList.java:428)
at io.appium.java_client.pagefactory.ElementListInterceptor.getObject(ElementListInterceptor.java:40)
at io.appium.java_client.pagefactory.interceptors.InterceptorOfAListOfElements.call(InterceptorOfAListOfElements.java:47)
at io.appium.java_client.proxy.Interceptor.intercept(Interceptor.java:78)
at net.bytebuddy.renamed.java.util.ArrayList$ByteBuddy$PNpWyaGr.get(Unknown Source)
at org.rahulshettyacademy.pageObjects.android.ProductCatalogue.addItemToCartByIndex(ProductCatalogue.java:33)
at org.rahulshettyacademy.AndroidTest.FillForm(AndroidTest.java:33)
at java.base/java.util.ArrayList.forEach(ArrayList.java:1597)
... Removed 27 stack frames]]>
    </failure>
  </testcase> <!-- FillForm -->
  <testcase classname="org.rahulshettyacademy.AndroidTest" name="FillForm" time="14.326"/>
</testsuite> <!-- End to end Framwork Test -->
