<?xml version="1.0" encoding="UTF-8"?>
<!-- Generated by org.testng.reporters.JUnitXMLReporter -->
<testsuite ignored="0" hostname="Stefans-MacBook-Pro.local" failures="0" tests="2" name="End to end Framwork Test" time="100.65" errors="0" timestamp="2024-07-12T11:27:46 EEST">
  <testcase classname="org.rahulshettyacademy.AndroidTest" name="FillForm" time="17.8"/>
  <testcase classname="org.rahulshettyacademy.AndroidTest" name="FillForm" time="35.024"/>
</testsuite> <!-- End to end Framwork Test -->
