<?xml version="1.0" encoding="UTF-8"?>
<!-- Generated by org.testng.reporters.JUnitXMLReporter -->
<testsuite ignored="0" hostname="Stefans-MacBook-Pro.local" failures="0" tests="2" name="Error validations test" time="20.82" errors="0" timestamp="2024-07-12T11:28:12 EEST">
  <testcase classname="org.rahulshettyacademy.AndroidTest2" name="FillForm_ErrorValidation" time="0.0">
    <skipped/>
  </testcase> <!-- FillForm_ErrorValidation -->
  <testcase classname="org.rahulshettyacademy.AndroidTest2" name="FillForm_PositiveFlow" time="0.0">
    <skipped/>
  </testcase> <!-- FillForm_PositiveFlow -->
</testsuite> <!-- Error validations test -->
