<?xml version="1.0" encoding="UTF-8"?>
<testsuite xmlns:xsi="http://www.w3.org/2001/XMLSchema-instance" xsi:noNamespaceSchemaLocation="https://maven.apache.org/surefire/maven-surefire-plugin/xsd/surefire-test-report.xsd" version="3.0.1" name="TestSuite" time="216.33" tests="9" errors="0" skipped="2" failures="4">
  <properties>
[...]
</properties>
  <testcase name="FillForm[{gender=Female, name=rahul shetty, country=Argentina}](1)" classname="org.rahulshettyacademy.AndroidTest" time="17.812">
    <system-out><![CDATA[&amp#27;[35m[Appium]&amp#27;[39m Welcome to Appium v2.9.0
&amp#27;[35m[Appium]&amp#27;[39m Non-default server args:
&amp#27;[35m[Appium]&amp#27;[39m { address: &amp#27;[32m'127.0.0.1'&amp#27;[39m }
&amp#27;[35m[Appium]&amp#27;[39m The autodetected Appium home path: /Users/stefanstefanov
&amp#27;[35m[Appium]&amp#27;[39m Attempting to load driver uiautomator2...
&amp#27;[35m[Appium]&amp#27;[39m Attempting to load driver xcuitest...
&amp#27;[35m[Appium]&amp#27;[39m Attempting to load driver espresso...
&amp#27;[35m[Appium]&amp#27;[39m Requiring driver at /Users/stefanstefanov/node_modules/appium-espresso-driver/build/index.js
&amp#27;[35m[Appium]&amp#27;[39m Requiring driver at /Users/stefanstefanov/node_modules/appium-uiautomator2-driver/build/index.js
&amp#27;[35m[Appium]&amp#27;[39m Requiring driver at /Users/stefanstefanov/node_modules/appium-xcuitest-driver/build/index.js
[Appium] EspressoDriver has been successfully loaded in 5.679s
[Appium] AndroidUiautomator2Driver has been successfully loaded in 5.681s
[Appium] XCUITestDriver has been successfully loaded in 5.681s
[Appium] Attempting to load driver mac2...
[Appium] Attempting to load driver safari...
[Appium] Attempting to load driver chromium...
[Appium] Requiring driver at /Users/stefanstefanov/node_modules/appium-chromium-driver/index.js
[Appium] ChromiumDriver has been successfully loaded in 1.148s
[Appium] Requiring driver at /Users/stefanstefanov/node_modules/appium-safari-driver/build/index.js
[Appium] SafariDriver has been successfully loaded in 1.481s
(node:11044) MaxListenersExceededWarning: Possible EventEmitter memory leak detected. 11 exit listeners added to [process]. MaxListeners is 10. Use emitter.setMaxListeners() to increase limit
(Use `node --trace-warnings ...` to show where the warning was created)
[Appium] Requiring driver at /Users/stefanstefanov/node_modules/appium-mac2-driver/build/index.js
[Appium] Mac2Driver has been successfully loaded in 1.677s
[Appium] Attempting to load driver gecko...
[Appium] Attempting to load driver windows...
[Appium] Requiring driver at /Users/stefanstefanov/node_modules/appium-geckodriver/build/index.js
[Appium] GeckoDriver has been successfully loaded in 0.124s
[Appium] Requiring driver at /Users/stefanstefanov/node_modules/appium-windows-driver/build/index.js
[Appium] WindowsDriver has been successfully loaded in 0.313s
[Appium] Appium REST http interface listener started on http://127.0.0.1:4723
[Appium] Available drivers:
[Appium]   - uiautomator2@3.5.2 (automationName 'UiAutomator2')
[Appium]   - xcuitest@7.16.2 (automationName 'XCUITest')
[Appium]   - espresso@2.40.2 (automationName 'Espresso')
[Appium]   - mac2@1.17.3 (automationName 'Mac2')
[Appium]   - safari@3.5.14 (automationName 'Safari')
[Appium]   - chromium@1.3.25 (automationName 'Chromium')
[Appium]   - gecko@1.3.5 (automationName 'Gecko')
[Appium]   - windows@2.12.23 (automationName 'Windows')
[Appium] Available plugins:
[Appium]   - execute-driver@3.0.30
[Appium]   - relaxed-caps@1.0.6
[Appium]   - universal-xml@1.0.20
[Appium] No plugins activated. Use the --use-plugins flag with names of plugins to activate
&amp#27;[38;5;0m[HTTP]&amp#27;[0m &amp#27;[37m-->&amp#27;[39m &amp#27;[37mGET&amp#27;[39m &amp#27;[37m/status&amp#27;[39m
&amp#27;[38;5;0m[HTTP]&amp#27;[0m {}
&amp#27;[38;5;16m[AppiumDriver@f19d]&amp#27;[0m Calling AppiumDriver.getStatus() with args: []
&amp#27;[38;5;16m[AppiumDriver@f19d]&amp#27;[0m Responding to client with driver.getStatus() result: {"ready":true,"message":"The server is ready to accept new connections","build":{"version":"2.9.0"}}
&amp#27;[38;5;0m[HTTP]&amp#27;[0m <-- GET /status 200 6 ms - 110
&amp#27;[38;5;0m[HTTP]&amp#27;[0m 
&amp#27;[38;5;0m[HTTP]&amp#27;[0m Request idempotency key: a1b9bdbe-3566-4abc-891e-1f0faa8674ff
&amp#27;[38;5;0m[HTTP]&amp#27;[0m &amp#27;[37m-->&amp#27;[39m &amp#27;[37mPOST&amp#27;[39m &amp#27;[37m/session&amp#27;[39m
&amp#27;[38;5;0m[HTTP]&amp#27;[0m {"capabilities":{"firstMatch":[{"appium:deviceName":"Pixel 6a API 31","platformName":"ANDROID","appium:automationName":"UIAutomator2","appium:app":"/Users/stefanstefanov/eclipse-workspace/AppiumFrameworkDesign//src//test//java//org//rahulshettyacademy//resources//General-Store.apk"}]}}
&amp#27;[38;5;16m[AppiumDriver@f19d]&amp#27;[0m Calling AppiumDriver.createSession() with args: [null,null,{"firstMatch":[{"appium:deviceName":"Pixel 6a API 31","platformName":"ANDROID","appium:automationName":"UIAutomator2","appium:app":"/Users/stefanstefanov/eclipse-workspace/AppiumFrameworkDesign//src//test//java//org//rahulshettyacademy//resources//General-Store.apk"}]}]
&amp#27;[38;5;16m[AppiumDriver@f19d]&amp#27;[0m Event 'newSessionRequested' logged at 1720772770634 (11:26:10 GMT+0300 (Eastern European Summer Time))
[Appium] Attempting to find matching driver for automationName 'UIAutomator2' and platformName 'ANDROID'
[Appium] The 'uiautomator2' driver was installed and matched caps.
[Appium] Will require it at /Users/stefanstefanov/node_modules/appium-uiautomator2-driver
[Appium] Requiring driver at /Users/stefanstefanov/node_modules/appium-uiautomator2-driver/build/index.js
&amp#27;[38;5;16m[AppiumDriver@f19d]&amp#27;[0m Appium v2.9.0 creating new AndroidUiautomator2Driver (v3.5.2) session
&amp#27;[38;5;16m[AppiumDriver@f19d]&amp#27;[0m Checking BaseDriver versions for Appium and AndroidUiautomator2Driver
&amp#27;[38;5;16m[AppiumDriver@f19d]&amp#27;[0m Appium's BaseDriver version is 9.9.0
&amp#27;[38;5;16m[AppiumDriver@f19d]&amp#27;[0m AndroidUiautomator2Driver's BaseDriver version is 9.6.0
&amp#27;[38;5;32m[AndroidUiautomator2Driver@2dda]&amp#27;[0m Creating session with W3C capabilities: {
&amp#27;[38;5;32m[AndroidUiautomator2Driver@2dda]&amp#27;[0m   "alwaysMatch": {
&amp#27;[38;5;32m[AndroidUiautomator2Driver@2dda]&amp#27;[0m     "platformName": "ANDROID",
&amp#27;[38;5;32m[AndroidUiautomator2Driver@2dda]&amp#27;[0m     "appium:deviceName": "Pixel 6a API 31",
&amp#27;[38;5;32m[AndroidUiautomator2Driver@2dda]&amp#27;[0m     "appium:automationName": "UIAutomator2",
&amp#27;[38;5;32m[AndroidUiautomator2Driver@2dda]&amp#27;[0m     "appium:app": "/Users/stefanstefanov/eclipse-workspace/AppiumFrameworkDesign//src//test//java//org//rahulshettyacademy//resources//General-Store.apk"
&amp#27;[38;5;32m[AndroidUiautomator2Driver@2dda]&amp#27;[0m   },
&amp#27;[38;5;32m[AndroidUiautomator2Driver@2dda]&amp#27;[0m   "firstMatch": [
&amp#27;[38;5;32m[AndroidUiautomator2Driver@2dda]&amp#27;[0m     {}
&amp#27;[38;5;32m[AndroidUiautomator2Driver@2dda]&amp#27;[0m   ]
&amp#27;[38;5;32m[AndroidUiautomator2Driver@2dda]&amp#27;[0m }
&amp#27;[38;5;32m[AndroidUiautomator2Driver@2dda (735db5ca)]&amp#27;[0m Session created with session id: 735db5ca-b012-4c7d-a1ea-a2adf462b809
&amp#27;[38;5;48m[ADB]&amp#27;[0m Found 1 'build-tools' folders under '/Users/stefanstefanov/Library/Android/sdk' (newest first):
&amp#27;[38;5;48m[ADB]&amp#27;[0m     /Users/stefanstefanov/Library/Android/sdk/build-tools/34.0.0
&amp#27;[38;5;48m[ADB]&amp#27;[0m Using 'adb' from '/Users/stefanstefanov/Library/Android/sdk/platform-tools/adb'
&amp#27;[38;5;48m[ADB]&amp#27;[0m Running '/Users/stefanstefanov/Library/Android/sdk/platform-tools/adb -P 5037 start-server'
&amp#27;[38;5;32m[AndroidUiautomator2Driver@2dda (735db5ca)]&amp#27;[0m Retrieving device list
&amp#27;[38;5;48m[ADB]&amp#27;[0m Trying to find connected Android devices
&amp#27;[38;5;48m[ADB]&amp#27;[0m Getting connected devices
&amp#27;[38;5;48m[ADB]&amp#27;[0m Connected devices: [{"udid":"emulator-5554","state":"device"}]
&amp#27;[38;5;32m[AndroidUiautomator2Driver@2dda (735db5ca)]&amp#27;[0m Using device: emulator-5554
&amp#27;[38;5;48m[ADB]&amp#27;[0m Using 'adb' from '/Users/stefanstefanov/Library/Android/sdk/platform-tools/adb'
&amp#27;[38;5;48m[ADB]&amp#27;[0m Running '/Users/stefanstefanov/Library/Android/sdk/platform-tools/adb -P 5037 start-server'
&amp#27;[38;5;48m[ADB]&amp#27;[0m Setting device id to emulator-5554
&amp#27;[38;5;64m[BaseDriver]&amp#27;[0m Using local app '/Users/stefanstefanov/eclipse-workspace/AppiumFrameworkDesign//src//test//java//org//rahulshettyacademy//resources//General-Store.apk'
&amp#27;[38;5;32m[AndroidUiautomator2Driver@2dda (735db5ca)]&amp#27;[0m Checking whether app is actually present
&amp#27;[38;5;48m[ADB]&amp#27;[0m Running '/Users/stefanstefanov/Library/Android/sdk/platform-tools/adb -P 5037 -s emulator-5554 shell getprop ro.build.version.sdk'
&amp#27;[38;5;48m[ADB]&amp#27;[0m Current device property 'ro.build.version.sdk': 31
&amp#27;[38;5;48m[ADB]&amp#27;[0m Getting device platform version
&amp#27;[38;5;48m[ADB]&amp#27;[0m Running '/Users/stefanstefanov/Library/Android/sdk/platform-tools/adb -P 5037 -s emulator-5554 shell getprop ro.build.version.release'
&amp#27;[38;5;48m[ADB]&amp#27;[0m Current device property 'ro.build.version.release': 12
&amp#27;[38;5;48m[ADB]&amp#27;[0m Device API level: 31
&amp#27;[38;5;32m[AndroidUiautomator2Driver@2dda (735db5ca)]&amp#27;[0m Relaxing hidden api policy
&amp#27;[38;5;48m[ADB]&amp#27;[0m Running '/Users/stefanstefanov/Library/Android/sdk/platform-tools/adb -P 5037 -s emulator-5554 shell 'settings put global hidden_api_policy_pre_p_apps 1;settings put global hidden_api_policy_p_apps 1;settings put global hidden_api_policy 1''
&amp#27;[38;5;32m[AndroidUiautomator2Driver@2dda (735db5ca)]&amp#27;[0m Parsing package and activity from app manifest
&amp#27;[38;5;48m[ADB]&amp#27;[0m Running '/Users/stefanstefanov/Library/Android/sdk/platform-tools/adb -P 5037 -s emulator-5554 wait-for-device'
&amp#27;[38;5;48m[ADB]&amp#27;[0m Running '/Users/stefanstefanov/Library/Android/sdk/platform-tools/adb -P 5037 -s emulator-5554 shell echo ping'
&amp#27;[38;5;48m[ADB]&amp#27;[0m Package name: 'com.androidsample.generalstore'
&amp#27;[38;5;48m[ADB]&amp#27;[0m Main activity name: 'com.androidsample.generalstore.SplashActivity'
&amp#27;[38;5;32m[AndroidUiautomator2Driver@2dda (735db5ca)]&amp#27;[0m Parsed package and activity are: com.androidsample.generalstore/com.androidsample.generalstore.SplashActivity
&amp#27;[38;5;32m[AndroidUiautomator2Driver@2dda (735db5ca)]&amp#27;[0m Pushing settings apk to the device...
&amp#27;[38;5;48m[ADB]&amp#27;[0m Getting package info for 'io.appium.settings'
&amp#27;[38;5;48m[ADB]&amp#27;[0m Running '/Users/stefanstefanov/Library/Android/sdk/platform-tools/adb -P 5037 -s emulator-5554 shell dumpsys package io.appium.settings'
&amp#27;[38;5;48m[ADB]&amp#27;[0m The version name of the installed 'io.appium.settings' is greater or equal to the application version name ('5.9.2' >= '5.9.2')
&amp#27;[38;5;48m[ADB]&amp#27;[0m There is no need to install/upgrade '/Users/stefanstefanov/node_modules/appium-uiautomator2-driver/node_modules/io.appium.settings/apks/settings_apk-debug.apk'
&amp#27;[38;5;48m[ADB]&amp#27;[0m Running '/Users/stefanstefanov/Library/Android/sdk/platform-tools/adb -P 5037 -s emulator-5554 shell dumpsys activity services io.appium.settings'
&amp#27;[38;5;32m[AndroidUiautomator2Driver@2dda (735db5ca)]&amp#27;[0m io.appium.settings is already running. There is no need to reset its permissions.
&amp#27;[38;5;80m[Logcat]&amp#27;[0m Starting logs capture with command: /Users/stefanstefanov/Library/Android/sdk/platform-tools/adb -P 5037 -s emulator-5554 logcat -v threadtime
&amp#27;[38;5;32m[AndroidUiautomator2Driver@2dda (735db5ca)]&amp#27;[0m Forwarding UiAutomator2 Server port 6790 to local port 8201
&amp#27;[38;5;48m[ADB]&amp#27;[0m Forwarding system: 8201 to device: 6790
&amp#27;[38;5;48m[ADB]&amp#27;[0m Running '/Users/stefanstefanov/Library/Android/sdk/platform-tools/adb -P 5037 -s emulator-5554 forward tcp:8201 tcp:6790'
&amp#27;[38;5;48m[ADB]&amp#27;[0m Getting package info for 'io.appium.uiautomator2.server'
&amp#27;[38;5;48m[ADB]&amp#27;[0m Running '/Users/stefanstefanov/Library/Android/sdk/platform-tools/adb -P 5037 -s emulator-5554 shell dumpsys package io.appium.uiautomator2.server'
&amp#27;[38;5;48m[ADB]&amp#27;[0m Getting install status for io.appium.uiautomator2.server.test
&amp#27;[38;5;48m[ADB]&amp#27;[0m Checking app cert for /Users/stefanstefanov/eclipse-workspace/AppiumFrameworkDesign//src//test//java//org//rahulshettyacademy//resources//General-Store.apk
&amp#27;[38;5;48m[ADB]&amp#27;[0m Running '/Users/stefanstefanov/Library/Android/sdk/platform-tools/adb -P 5037 -s emulator-5554 shell cmd package list packages'
&amp#27;[38;5;48m[ADB]&amp#27;[0m Using 'apksigner.jar' from '/Users/stefanstefanov/Library/Android/sdk/build-tools/34.0.0/lib/apksigner.jar'
&amp#27;[38;5;48m[ADB]&amp#27;[0m Starting apksigner: /Library/Java/JavaVirtualMachines/jdk-22.jdk/Contents/Home/bin/java -Xmx1024M -Xss1m -jar /Users/stefanstefanov/Library/Android/sdk/build-tools/34.0.0/lib/apksigner.jar verify --print-certs /Users/stefanstefanov/eclipse-workspace/AppiumFrameworkDesign//src//test//java//org//rahulshettyacademy//resources//General-Store.apk
&amp#27;[38;5;48m[ADB]&amp#27;[0m 'io.appium.uiautomator2.server.test' is not installed
&amp#27;[38;5;48m[ADB]&amp#27;[0m App '/Users/stefanstefanov/node_modules/appium-uiautomator2-driver/node_modules/appium-uiautomator2-server/apks/appium-uiautomator2-server-v7.0.9.apk' is not installed
&amp#27;[38;5;32m[AndroidUiautomator2Driver@2dda (735db5ca)]&amp#27;[0m Server packages status: [{"installState":"notInstalled","appPath":"/Users/stefanstefanov/node_modules/appium-uiautomator2-driver/node_modules/appium-uiautomator2-server/apks/appium-uiautomator2-server-v7.0.9.apk","appId":"io.appium.uiautomator2.server"},{"installState":"notInstalled","appPath":"/Users/stefanstefanov/node_modules/appium-uiautomator2-driver/node_modules/appium-uiautomator2-server/apks/appium-uiautomator2-server-debug-androidTest.apk","appId":"io.appium.uiautomator2.server.test"}]
&amp#27;[38;5;32m[AndroidUiautomator2Driver@2dda (735db5ca)]&amp#27;[0m Server packages are going to be (re)installed
&amp#27;[38;5;48m[ADB]&amp#27;[0m Running '/Users/stefanstefanov/Library/Android/sdk/platform-tools/adb -P 5037 -s emulator-5554 version'
&amp#27;[38;5;48m[ADB]&amp#27;[0m Running '/Users/stefanstefanov/Library/Android/sdk/platform-tools/adb -P 5037 -s emulator-5554 features'
&amp#27;[38;5;48m[ADB]&amp#27;[0m Running '/Users/stefanstefanov/Library/Android/sdk/platform-tools/adb -P 5037 -s emulator-5554 help'
&amp#27;[38;5;48m[ADB]&amp#27;[0m Running '/Users/stefanstefanov/Library/Android/sdk/platform-tools/adb -P 5037 -s emulator-5554 help'
&amp#27;[38;5;48m[ADB]&amp#27;[0m The application at '/Users/stefanstefanov/node_modules/appium-uiautomator2-driver/node_modules/appium-uiautomator2-server/apks/appium-uiautomator2-server-v7.0.9.apk' will not be cached, because the device under test has confirmed the support of streamed installs
&amp#27;[38;5;48m[ADB]&amp#27;[0m Running '/Users/stefanstefanov/Library/Android/sdk/platform-tools/adb -P 5037 -s emulator-5554 install -r --no-incremental /Users/stefanstefanov/node_modules/appium-uiautomator2-driver/node_modules/appium-uiautomator2-server/apks/appium-uiautomator2-server-v7.0.9.apk'
&amp#27;[38;5;48m[ADB]&amp#27;[0m The application at '/Users/stefanstefanov/node_modules/appium-uiautomator2-driver/node_modules/appium-uiautomator2-server/apks/appium-uiautomator2-server-debug-androidTest.apk' will not be cached, because the device under test has confirmed the support of streamed installs
&amp#27;[38;5;48m[ADB]&amp#27;[0m Running '/Users/stefanstefanov/Library/Android/sdk/platform-tools/adb -P 5037 -s emulator-5554 install -r --no-incremental /Users/stefanstefanov/node_modules/appium-uiautomator2-driver/node_modules/appium-uiautomator2-server/apks/appium-uiautomator2-server-debug-androidTest.apk'
&amp#27;[38;5;48m[ADB]&amp#27;[0m apksigner stdout: Signer #1 certificate DN: C=US, O=Android, CN=Android Debug
&amp#27;[38;5;48m[ADB]&amp#27;[0m Signer #1 certificate SHA-256 digest: f5f5931c019be6bff8a26255f76ae9ef8a8e631d2a702ec10e91110231549eef
&amp#27;[38;5;48m[ADB]&amp#27;[0m Signer #1 certificate SHA-1 digest: b250161db8b5d0a1bd39154c9fd749bdad79c1a3
&amp#27;[38;5;48m[ADB]&amp#27;[0m Signer #1 certificate MD5 digest: 7a5550323d84472ca25a0861c63e0a6c
&amp#27;[38;5;48m[ADB]&amp#27;[0m 
&amp#27;[38;5;48m[ADB]&amp#27;[0m '/Users/stefanstefanov/eclipse-workspace/AppiumFrameworkDesign//src//test//java//org//rahulshettyacademy//resources//General-Store.apk' is signed with a non-default certificate
&amp#27;[38;5;48m[ADB]&amp#27;[0m Getting package info for 'com.androidsample.generalstore'
&amp#27;[38;5;48m[ADB]&amp#27;[0m Running '/Users/stefanstefanov/Library/Android/sdk/platform-tools/adb -P 5037 -s emulator-5554 shell dumpsys package com.androidsample.generalstore'
&amp#27;[38;5;48m[ADB]&amp#27;[0m The installation of 'appium-uiautomator2-server-debug-androidTest.apk' took 1074ms
&amp#27;[38;5;48m[ADB]&amp#27;[0m Install command stdout: Performing Streamed Install
&amp#27;[38;5;48m[ADB]&amp#27;[0m Success
&amp#27;[38;5;48m[ADB]&amp#27;[0m The version name of the installed 'com.androidsample.generalstore' is greater or equal to the application version name ('1.0.0' >= '1.0.0')
&amp#27;[38;5;48m[ADB]&amp#27;[0m There is no need to install/upgrade '/Users/stefanstefanov/eclipse-workspace/AppiumFrameworkDesign//src//test//java//org//rahulshettyacademy//resources//General-Store.apk'
&amp#27;[38;5;32m[AndroidUiautomator2Driver@2dda (735db5ca)]&amp#27;[0m Performing fast reset on 'com.androidsample.generalstore'
&amp#27;[38;5;48m[ADB]&amp#27;[0m Getting install status for com.androidsample.generalstore
&amp#27;[38;5;48m[ADB]&amp#27;[0m Running '/Users/stefanstefanov/Library/Android/sdk/platform-tools/adb -P 5037 -s emulator-5554 shell cmd package list packages'
&amp#27;[38;5;48m[ADB]&amp#27;[0m 'com.androidsample.generalstore' is installed
&amp#27;[38;5;48m[ADB]&amp#27;[0m Running '/Users/stefanstefanov/Library/Android/sdk/platform-tools/adb -P 5037 -s emulator-5554 shell am force-stop com.androidsample.generalstore'
&amp#27;[38;5;48m[ADB]&amp#27;[0m Running '/Users/stefanstefanov/Library/Android/sdk/platform-tools/adb -P 5037 -s emulator-5554 shell pm clear com.androidsample.generalstore'
&amp#27;[38;5;32m[AndroidUiautomator2Driver@2dda (735db5ca)]&amp#27;[0m Performed fast reset on the installed 'com.androidsample.generalstore' application (stop and clear)
&amp#27;[38;5;48m[ADB]&amp#27;[0m The installation of 'appium-uiautomator2-server-v7.0.9.apk' took 10480ms
&amp#27;[38;5;48m[ADB]&amp#27;[0m Install command stdout: Performing Streamed Install
&amp#27;[38;5;48m[ADB]&amp#27;[0m Success
&amp#27;[38;5;32m[AndroidUiautomator2Driver@2dda (735db5ca)]&amp#27;[0m Waiting up to 30000ms for services to be available
&amp#27;[38;5;48m[ADB]&amp#27;[0m Running '/Users/stefanstefanov/Library/Android/sdk/platform-tools/adb -P 5037 -s emulator-5554 shell pm list instrumentation'
&amp#27;[38;5;32m[AndroidUiautomator2Driver@2dda (735db5ca)]&amp#27;[0m Instrumentation target 'io.appium.uiautomator2.server.test/androidx.test.runner.AndroidJUnitRunner' is available
&amp#27;[38;5;48m[ADB]&amp#27;[0m Adding packages ["io.appium.settings","io.appium.uiautomator2.server","io.appium.uiautomator2.server.test"] to Doze whitelist
&amp#27;[38;5;48m[ADB]&amp#27;[0m Got the following command chunks to execute: [["dumpsys","deviceidle","whitelist","+io.appium.settings",";","dumpsys","deviceidle","whitelist","+io.appium.uiautomator2.server",";","dumpsys","deviceidle","whitelist","+io.appium.uiautomator2.server.test",";"]]
&amp#27;[38;5;48m[ADB]&amp#27;[0m Running '/Users/stefanstefanov/Library/Android/sdk/platform-tools/adb -P 5037 -s emulator-5554 shell dumpsys deviceidle whitelist +io.appium.settings ; dumpsys deviceidle whitelist +io.appium.uiautomator2.server ; dumpsys deviceidle whitelist +io.appium.uiautomator2.server.test ;'
&amp#27;[38;5;32m[AndroidUiautomator2Driver@2dda (735db5ca)]&amp#27;[0m Performing shallow cleanup of automation leftovers
&amp#27;[38;5;32m[AndroidUiautomator2Driver@2dda (735db5ca)]&amp#27;[0m No obsolete sessions have been detected (socket hang up)
&amp#27;[38;5;48m[ADB]&amp#27;[0m Running '/Users/stefanstefanov/Library/Android/sdk/platform-tools/adb -P 5037 -s emulator-5554 shell am force-stop io.appium.uiautomator2.server.test'
&amp#27;[38;5;32m[AndroidUiautomator2Driver@2dda (735db5ca)]&amp#27;[0m Starting UIAutomator2 server 7.0.9
&amp#27;[38;5;32m[AndroidUiautomator2Driver@2dda (735db5ca)]&amp#27;[0m Using UIAutomator2 server from '/Users/stefanstefanov/node_modules/appium-uiautomator2-driver/node_modules/appium-uiautomator2-server/apks/appium-uiautomator2-server-v7.0.9.apk' and test from '/Users/stefanstefanov/node_modules/appium-uiautomator2-driver/node_modules/appium-uiautomator2-server/apks/appium-uiautomator2-server-debug-androidTest.apk'
&amp#27;[38;5;32m[AndroidUiautomator2Driver@2dda (735db5ca)]&amp#27;[0m Waiting up to 30000ms for UiAutomator2 to be online...
&amp#27;[38;5;48m[ADB]&amp#27;[0m Creating ADB subprocess with args: ["-P","5037","-s","emulator-5554","shell","am","instrument","-w","-e","disableAnalytics","true","io.appium.uiautomator2.server.test/androidx.test.runner.AndroidJUnitRunner"]
&amp#27;[38;5;32m[AndroidUiautomator2Driver@2dda (735db5ca)]&amp#27;[0m Matched '/status' to command name 'getStatus'
&amp#27;[38;5;32m[AndroidUiautomator2Driver@2dda (735db5ca)]&amp#27;[0m Proxying [GET /status] to [GET http://127.0.0.1:8201/status] with no body
&amp#27;[38;5;32m[AndroidUiautomator2Driver@2dda (735db5ca)]&amp#27;[0m socket hang up
&amp#27;[38;5;32m[AndroidUiautomator2Driver@2dda (735db5ca)]&amp#27;[0m Matched '/status' to command name 'getStatus'
&amp#27;[38;5;32m[AndroidUiautomator2Driver@2dda (735db5ca)]&amp#27;[0m Proxying [GET /status] to [GET http://127.0.0.1:8201/status] with no body
&amp#27;[38;5;32m[AndroidUiautomator2Driver@2dda (735db5ca)]&amp#27;[0m socket hang up
&amp#27;[38;5;32m[AndroidUiautomator2Driver@2dda (735db5ca)]&amp#27;[0m Matched '/status' to command name 'getStatus'
&amp#27;[38;5;32m[AndroidUiautomator2Driver@2dda (735db5ca)]&amp#27;[0m Proxying [GET /status] to [GET http://127.0.0.1:8201/status] with no body
&amp#27;[38;5;32m[AndroidUiautomator2Driver@2dda (735db5ca)]&amp#27;[0m socket hang up
&amp#27;[38;5;32m[AndroidUiautomator2Driver@2dda (735db5ca)]&amp#27;[0m Matched '/status' to command name 'getStatus'
&amp#27;[38;5;32m[AndroidUiautomator2Driver@2dda (735db5ca)]&amp#27;[0m Proxying [GET /status] to [GET http://127.0.0.1:8201/status] with no body
&amp#27;[38;5;32m[AndroidUiautomator2Driver@2dda (735db5ca)]&amp#27;[0m socket hang up
&amp#27;[38;5;32m[AndroidUiautomator2Driver@2dda (735db5ca)]&amp#27;[0m Matched '/status' to command name 'getStatus'
&amp#27;[38;5;32m[AndroidUiautomator2Driver@2dda (735db5ca)]&amp#27;[0m Proxying [GET /status] to [GET http://127.0.0.1:8201/status] with no body
&amp#27;[38;5;32m[AndroidUiautomator2Driver@2dda (735db5ca)]&amp#27;[0m socket hang up
&amp#27;[38;5;32m[AndroidUiautomator2Driver@2dda (735db5ca)]&amp#27;[0m Matched '/status' to command name 'getStatus'
&amp#27;[38;5;32m[AndroidUiautomator2Driver@2dda (735db5ca)]&amp#27;[0m Proxying [GET /status] to [GET http://127.0.0.1:8201/status] with no body
&amp#27;[38;5;32m[AndroidUiautomator2Driver@2dda (735db5ca)]&amp#27;[0m socket hang up
&amp#27;[38;5;32m[AndroidUiautomator2Driver@2dda (735db5ca)]&amp#27;[0m Matched '/status' to command name 'getStatus'
&amp#27;[38;5;32m[AndroidUiautomator2Driver@2dda (735db5ca)]&amp#27;[0m Proxying [GET /status] to [GET http://127.0.0.1:8201/status] with no body
&amp#27;[38;5;32m[AndroidUiautomator2Driver@2dda (735db5ca)]&amp#27;[0m socket hang up
&amp#27;[38;5;32m[AndroidUiautomator2Driver@2dda (735db5ca)]&amp#27;[0m Matched '/status' to command name 'getStatus'
&amp#27;[38;5;32m[AndroidUiautomator2Driver@2dda (735db5ca)]&amp#27;[0m Proxying [GET /status] to [GET http://127.0.0.1:8201/status] with no body
&amp#27;[38;5;32m[AndroidUiautomator2Driver@2dda (735db5ca)]&amp#27;[0m socket hang up
&amp#27;[38;5;32m[AndroidUiautomator2Driver@2dda (735db5ca)]&amp#27;[0m Matched '/status' to command name 'getStatus'
&amp#27;[38;5;32m[AndroidUiautomator2Driver@2dda (735db5ca)]&amp#27;[0m Proxying [GET /status] to [GET http://127.0.0.1:8201/status] with no body
&amp#27;[38;5;32m[AndroidUiautomator2Driver@2dda (735db5ca)]&amp#27;[0m socket hang up
&amp#27;[38;5;32m[AndroidUiautomator2Driver@2dda (735db5ca)]&amp#27;[0m Matched '/status' to command name 'getStatus'
&amp#27;[38;5;32m[AndroidUiautomator2Driver@2dda (735db5ca)]&amp#27;[0m Proxying [GET /status] to [GET http://127.0.0.1:8201/status] with no body
&amp#27;[38;5;32m[AndroidUiautomator2Driver@2dda (735db5ca)]&amp#27;[0m socket hang up
&amp#27;[38;5;32m[AndroidUiautomator2Driver@2dda (735db5ca)]&amp#27;[0m Matched '/status' to command name 'getStatus'
&amp#27;[38;5;32m[AndroidUiautomator2Driver@2dda (735db5ca)]&amp#27;[0m Proxying [GET /status] to [GET http://127.0.0.1:8201/status] with no body
&amp#27;[38;5;32m[AndroidUiautomator2Driver@2dda (735db5ca)]&amp#27;[0m socket hang up
&amp#27;[38;5;32m[AndroidUiautomator2Driver@2dda (735db5ca)]&amp#27;[0m Matched '/status' to command name 'getStatus'
&amp#27;[38;5;32m[AndroidUiautomator2Driver@2dda (735db5ca)]&amp#27;[0m Proxying [GET /status] to [GET http://127.0.0.1:8201/status] with no body
&amp#27;[38;5;32m[AndroidUiautomator2Driver@2dda (735db5ca)]&amp#27;[0m socket hang up
&amp#27;[38;5;96m[Instrumentation]&amp#27;[0m io.appium.uiautomator2.server.test.AppiumUiAutomator2Server:
&amp#27;[38;5;32m[AndroidUiautomator2Driver@2dda (735db5ca)]&amp#27;[0m Matched '/status' to command name 'getStatus'
&amp#27;[38;5;32m[AndroidUiautomator2Driver@2dda (735db5ca)]&amp#27;[0m Proxying [GET /status] to [GET http://127.0.0.1:8201/status] with no body
&amp#27;[38;5;32m[AndroidUiautomator2Driver@2dda (735db5ca)]&amp#27;[0m socket hang up
&amp#27;[38;5;32m[AndroidUiautomator2Driver@2dda (735db5ca)]&amp#27;[0m Matched '/status' to command name 'getStatus'
&amp#27;[38;5;32m[AndroidUiautomator2Driver@2dda (735db5ca)]&amp#27;[0m Proxying [GET /status] to [GET http://127.0.0.1:8201/status] with no body
&amp#27;[38;5;32m[AndroidUiautomator2Driver@2dda (735db5ca)]&amp#27;[0m Got response with status 200: {"sessionId":"None","value":{"message":"UiAutomator2 Server is ready to accept commands","ready":true}}
&amp#27;[38;5;32m[AndroidUiautomator2Driver@2dda (735db5ca)]&amp#27;[0m The initialization of the instrumentation process took 13417ms
&amp#27;[38;5;32m[AndroidUiautomator2Driver@2dda (735db5ca)]&amp#27;[0m Matched '/session' to command name 'createSession'
&amp#27;[38;5;32m[AndroidUiautomator2Driver@2dda (735db5ca)]&amp#27;[0m Proxying [POST /session] to [POST http://127.0.0.1:8201/session] with body: {"capabilities":{"firstMatch":[{"platformName":"ANDROID","deviceName":"emulator-5554","automationName":"UIAutomator2","app":"/Users/stefanstefanov/eclipse-workspace/AppiumFrameworkDesign//src//test//java//org//rahulshettyacademy//resources//General-Store.apk","platform":"LINUX","webStorageEnabled":false,"takesScreenshot":true,"javascriptEnabled":true,"databaseEnabled":false,"networkConnectionEnabled":true,"locationContextEnabled":false,"warnings":{},"desired":{"platformName":"ANDROID","deviceName":"Pixel 6a API 31","automationName":"UIAutomator2","app":"/Users/stefanstefanov/eclipse-workspace/AppiumFrameworkDesign//src//test//java//org//rahulshettyacademy//resources//General-Store.apk"},"deviceUDID":"emulator-5554","appPackage":"com.androidsample.generalstore"}],"alwaysMatch":{}}}
&amp#27;[38;5;32m[AndroidUiautomator2Driver@2dda (735db5ca)]&amp#27;[0m Got response with status 200: {"sessionId":"0a6d7faf-2b8f-4219-871a-f868e2a954d8","value":{"capabilities":{"firstMatch":[{"platformName":"ANDROID","deviceName":"emulator-5554","automationName":"UIAutomator2","app":"/Users/stefanstefanov/eclipse-workspace/AppiumFrameworkDesign//src//test//java//org//rahulshettyacademy//resources//General-Store.apk","platform":"LINUX","webStorageEnabled":false,"takesScreenshot":true,"javascriptEnabled":true,"databaseEnabled":false,"networkConnectionEnabled":true,"locationContextEnabled":false,"warnings":{},"desired":{"platformName":"ANDROID","deviceName":"Pixel 6a API 31","automationName":"UIAutomator2","app":"/Users/stefanstefanov/eclipse-workspace/AppiumFrameworkDesign//src//test//java//org//rahulshettyacademy//resources//General-Store.apk"},"deviceUDID":"emulator-5554","appPackage":"com.androidsample.generalstore"}],"alwaysMatch":{}},"sessionId":"0a6d7faf-2b8f-4219-871a-f868e2a954d8"}}
&amp#27;[38;5;32m[AndroidUiautomator2Driver@2dda (735db5ca)]&amp#27;[0m Determined the downstream protocol as 'W3C'
&amp#27;[38;5;32m[AndroidUiautomator2Driver@2dda (735db5ca)]&amp#27;[0m Proxying [GET /appium/device/pixel_ratio] to [GET http://127.0.0.1:8201/session/0a6d7faf-2b8f-4219-871a-f868e2a954d8/appium/device/pixel_ratio] with no body
&amp#27;[38;5;32m[AndroidUiautomator2Driver@2dda (735db5ca)]&amp#27;[0m Matched '/appium/device/system_bars' to command name 'getSystemBars'
&amp#27;[38;5;32m[AndroidUiautomator2Driver@2dda (735db5ca)]&amp#27;[0m Proxying [GET /appium/device/system_bars] to [GET http://127.0.0.1:8201/session/0a6d7faf-2b8f-4219-871a-f868e2a954d8/appium/device/system_bars] with no body
&amp#27;[38;5;32m[AndroidUiautomator2Driver@2dda (735db5ca)]&amp#27;[0m Matched '/window/current/size' to command name 'getWindowSize'
&amp#27;[38;5;32m[AndroidUiautomator2Driver@2dda (735db5ca)]&amp#27;[0m Proxying [GET /window/current/size] to [GET http://127.0.0.1:8201/session/0a6d7faf-2b8f-4219-871a-f868e2a954d8/window/current/size] with no body
&amp#27;[38;5;32m[AndroidUiautomator2Driver@2dda (735db5ca)]&amp#27;[0m Proxying [GET /appium/device/info] to [GET http://127.0.0.1:8201/session/0a6d7faf-2b8f-4219-871a-f868e2a954d8/appium/device/info] with no body
&amp#27;[38;5;48m[ADB]&amp#27;[0m Running '/Users/stefanstefanov/Library/Android/sdk/platform-tools/adb -P 5037 -s emulator-5554 shell dumpsys window'
&amp#27;[38;5;48m[ADB]&amp#27;[0m Running '/Users/stefanstefanov/Library/Android/sdk/platform-tools/adb -P 5037 -s emulator-5554 shell dumpsys power'
&amp#27;[38;5;32m[AndroidUiautomator2Driver@2dda (735db5ca)]&amp#27;[0m Got response with status 200: {"sessionId":"0a6d7faf-2b8f-4219-871a-f868e2a954d8","value":2.625}
&amp#27;[38;5;32m[AndroidUiautomator2Driver@2dda (735db5ca)]&amp#27;[0m Got response with status 200: {"sessionId":"0a6d7faf-2b8f-4219-871a-f868e2a954d8","value":{"height":2400,"width":1080}}
&amp#27;[38;5;32m[AndroidUiautomator2Driver@2dda (735db5ca)]&amp#27;[0m Got response with status 200: {"sessionId":"0a6d7faf-2b8f-4219-871a-f868e2a954d8","value":{"statusBar":63}}
&amp#27;[38;5;32m[AndroidUiautomator2Driver@2dda (735db5ca)]&amp#27;[0m Got response with status 200: {"sessionId":"0a6d7faf-2b8f-4219-871a-f868e2a954d8","value":{"androidId":"42564272a2fb53c3","apiVersion":"31","bluetooth":{"state":"ON"},"brand":"google","carrierName":"T-Mobile","displayDensity":420,"locale":"en_US","manufacturer":"Google","model":"sdk_gphone64_x86_64","networks":[{"capabilities":{"SSID":null,"linkDownBandwidthKbps":4300,"linkUpstreamBandwidthKbps":1800,"networkCapabilities":"NET_CAPABILITY_MMS,NET_CAPABILITY_SUPL,NET_CAPABILITY_DUN,NET_CAPABILITY_FOTA,NET_CAPABILITY_IMS,NET_CAPABILITY_CBS,NET_CAPABILITY_INTERNET,NET_CAPABILITY_NOT_RESTRICTED,NET_CAPABILITY_TRUSTED,NET_CAPABILITY_NOT_VPN,NET_CAPABILITY_VALIDATED,NET_CAPABILITY_NOT_ROAMING,NET_CAPABILITY_NOT_CONGESTED,NET_CAPABILITY_NOT_SUSPENDED","signalStrength":-2147483648,"transportTypes":"TRANSPORT_CELLULAR"},"detailedState":"CONNECTED","extraInfo":"epc.tmobile.com","isAvailable":true,"isConnected":true,"isFailover":false,"isRoaming":false,"state":"CONNECTED","subtype":10,"subtypeName":"HSPA","type":0,"typeName":"MOBILE"},{"capabiliti...
&amp#27;[38;5;32m[AndroidUiautomator2Driver@2dda (735db5ca)]&amp#27;[0m Screen already unlocked, doing nothing
&amp#27;[38;5;32m[AndroidUiautomator2Driver@2dda (735db5ca)]&amp#27;[0m Starting 'com.androidsample.generalstore/com.androidsample.generalstore.SplashActivity and waiting for 'com.androidsample.generalstore/com.androidsample.generalstore.SplashActivity'
&amp#27;[38;5;48m[ADB]&amp#27;[0m Running '/Users/stefanstefanov/Library/Android/sdk/platform-tools/adb -P 5037 -s emulator-5554 shell am start -W -n com.androidsample.generalstore/com.androidsample.generalstore.SplashActivity -S -a android.intent.action.MAIN -c android.intent.category.LAUNCHER -f 0x10200000'
&amp#27;[38;5;48m[ADB]&amp#27;[0m Waiting up to 20000ms for activity matching pkg: 'com.androidsample.generalstore' and activity: 'com.androidsample.generalstore.SplashActivity' to be focused
&amp#27;[38;5;48m[ADB]&amp#27;[0m Possible activities, to be checked: 'com.androidsample.generalstore.SplashActivity', 'com.androidsample.generalstore.com.androidsample.generalstore.SplashActivity'
&amp#27;[38;5;48m[ADB]&amp#27;[0m Getting focused package and activity
&amp#27;[38;5;48m[ADB]&amp#27;[0m Running '/Users/stefanstefanov/Library/Android/sdk/platform-tools/adb -P 5037 -s emulator-5554 shell dumpsys window displays'
&amp#27;[38;5;48m[ADB]&amp#27;[0m Found package: 'com.androidsample.generalstore' and fully qualified activity name : 'com.androidsample.generalstore.SplashActivity'
&amp#27;[38;5;16m[AppiumDriver@f19d]&amp#27;[0m New AndroidUiautomator2Driver session created successfully, session 735db5ca-b012-4c7d-a1ea-a2adf462b809 added to master session list
&amp#27;[38;5;16m[AppiumDriver@f19d]&amp#27;[0m Event 'newSessionStarted' logged at 1720772799573 (11:26:39 GMT+0300 (Eastern European Summer Time))
&amp#27;[38;5;32m[AndroidUiautomator2Driver@2dda (735db5ca)]&amp#27;[0m Cached the protocol value 'W3C' for the new session 735db5ca-b012-4c7d-a1ea-a2adf462b809
&amp#27;[38;5;32m[AndroidUiautomator2Driver@2dda (735db5ca)]&amp#27;[0m Responding to client with driver.createSession() result: {"capabilities":{"platformName":"ANDROID","deviceName":"emulator-5554","automationName":"UIAutomator2","app":"/Users/stefanstefanov/eclipse-workspace/AppiumFrameworkDesign//src//test//java//org//rahulshettyacademy//resources//General-Store.apk","platform":"LINUX","webStorageEnabled":false,"takesScreenshot":true,"javascriptEnabled":true,"databaseEnabled":false,"networkConnectionEnabled":true,"locationContextEnabled":false,"warnings":{},"desired":{"platformName":"ANDROID","deviceName":"Pixel 6a API 31","automationName":"UIAutomator2","app":"/Users/stefanstefanov/eclipse-workspace/AppiumFrameworkDesign//src//test//java//org//rahulshettyacademy//resources//General-Store.apk"},"deviceUDID":"emulator-5554","appPackage":"com.androidsample.generalstore","pixelRatio":"2.625","statBarHeight":63,"viewportRect":{"left":0,"top":63,"width":1080,"height":2337},"deviceApiLevel":31,"platformVersion":"12","deviceManufacturer":"Google","deviceModel":"sdk_gphone64_x86_64","deviceScreenSize":"1080x2400","deviceScreenDensity":4...
&amp#27;[38;5;0m[HTTP]&amp#27;[0m <-- POST /session 200 28941 ms - 1086
&amp#27;[38;5;0m[HTTP]&amp#27;[0m 
&amp#27;[38;5;0m[HTTP]&amp#27;[0m &amp#27;[37m-->&amp#27;[39m &amp#27;[37mPOST&amp#27;[39m &amp#27;[37m/session/735db5ca-b012-4c7d-a1ea-a2adf462b809/timeouts&amp#27;[39m
&amp#27;[38;5;0m[HTTP]&amp#27;[0m {"implicit":10000}
&amp#27;[38;5;32m[AndroidUiautomator2Driver@2dda (735db5ca)]&amp#27;[0m Calling AppiumDriver.timeouts() with args: [null,null,null,null,10000,"735db5ca-b012-4c7d-a1ea-a2adf462b809"]
&amp#27;[38;5;32m[AndroidUiautomator2Driver@2dda (735db5ca)]&amp#27;[0m W3C timeout argument: {"implicit":10000}}
&amp#27;[38;5;32m[AndroidUiautomator2Driver@2dda (735db5ca)]&amp#27;[0m Set implicit wait to 10000ms
&amp#27;[38;5;32m[AndroidUiautomator2Driver@2dda (735db5ca)]&amp#27;[0m Responding to client with driver.timeouts() result: null
&amp#27;[38;5;0m[HTTP]&amp#27;[0m <-- POST /session/735db5ca-b012-4c7d-a1ea-a2adf462b809/timeouts 200 3 ms - 14
&amp#27;[38;5;0m[HTTP]&amp#27;[0m 
&amp#27;[38;5;0m[HTTP]&amp#27;[0m &amp#27;[37m-->&amp#27;[39m &amp#27;[37mPOST&amp#27;[39m &amp#27;[37m/session/735db5ca-b012-4c7d-a1ea-a2adf462b809/execute/sync&amp#27;[39m
&amp#27;[38;5;0m[HTTP]&amp#27;[0m {"script":"mobile:startActivity","args":[{"intent":"com.androidsample.generalstore/com.androidsample.generalstore.MainActivity"}]}
&amp#27;[38;5;32m[AndroidUiautomator2Driver@2dda (735db5ca)]&amp#27;[0m Calling AppiumDriver.execute() with args: ["mobile:startActivity",[{"intent":"com.androidsample.generalstore/com.androidsample.generalstore.MainActivity"}],"735db5ca-b012-4c7d-a1ea-a2adf462b809"]
&amp#27;[38;5;32m[AndroidUiautomator2Driver@2dda (735db5ca)]&amp#27;[0m Executing native command 'mobile:startActivity'
&amp#27;[38;5;48m[ADB]&amp#27;[0m Running '/Users/stefanstefanov/Library/Android/sdk/platform-tools/adb -P 5037 -s emulator-5554 shell am start-activity com.androidsample.generalstore/com.androidsample.generalstore.MainActivity'
&amp#27;[38;5;32m[AndroidUiautomator2Driver@2dda (735db5ca)]&amp#27;[0m Responding to client with driver.execute() result: "Starting: Intent { act=android.intent.action.MAIN cat=[android.intent.category.LAUNCHER] cmp=com.androidsample.generalstore/.MainActivity }"
&amp#27;[38;5;0m[HTTP]&amp#27;[0m <-- POST /session/735db5ca-b012-4c7d-a1ea-a2adf462b809/execute/sync 200 138 ms - 151
&amp#27;[38;5;0m[HTTP]&amp#27;[0m 
&amp#27;[38;5;0m[HTTP]&amp#27;[0m &amp#27;[37m-->&amp#27;[39m &amp#27;[37mGET&amp#27;[39m &amp#27;[37m/session/735db5ca-b012-4c7d-a1ea-a2adf462b809/context&amp#27;[39m
&amp#27;[38;5;0m[HTTP]&amp#27;[0m {}
&amp#27;[38;5;32m[AndroidUiautomator2Driver@2dda (735db5ca)]&amp#27;[0m Calling AppiumDriver.getCurrentContext() with args: ["735db5ca-b012-4c7d-a1ea-a2adf462b809"]
&amp#27;[38;5;32m[AndroidUiautomator2Driver@2dda (735db5ca)]&amp#27;[0m Responding to client with driver.getCurrentContext() result: "NATIVE_APP"
&amp#27;[38;5;0m[HTTP]&amp#27;[0m <-- GET /session/735db5ca-b012-4c7d-a1ea-a2adf462b809/context 200 3 ms - 22
&amp#27;[38;5;0m[HTTP]&amp#27;[0m 
&amp#27;[38;5;0m[HTTP]&amp#27;[0m &amp#27;[37m-->&amp#27;[39m &amp#27;[37mPOST&amp#27;[39m &amp#27;[37m/session/735db5ca-b012-4c7d-a1ea-a2adf462b809/element&amp#27;[39m
&amp#27;[38;5;0m[HTTP]&amp#27;[0m {"value":"com.androidsample.generalstore:id/nameField","using":"id"}
&amp#27;[38;5;32m[AndroidUiautomator2Driver@2dda (735db5ca)]&amp#27;[0m Calling AppiumDriver.findElement() with args: ["id","com.androidsample.generalstore:id/nameField","735db5ca-b012-4c7d-a1ea-a2adf462b809"]
&amp#27;[38;5;32m[AndroidUiautomator2Driver@2dda (735db5ca)]&amp#27;[0m Valid locator strategies for this request: xpath, id, class name, accessibility id, css selector, -android uiautomator
&amp#27;[38;5;32m[AndroidUiautomator2Driver@2dda (735db5ca)]&amp#27;[0m Waiting up to 10000 ms for condition
&amp#27;[38;5;32m[AndroidUiautomator2Driver@2dda (735db5ca)]&amp#27;[0m Matched '/element' to command name 'findElement'
&amp#27;[38;5;32m[AndroidUiautomator2Driver@2dda (735db5ca)]&amp#27;[0m Proxying [POST /element] to [POST http://127.0.0.1:8201/session/0a6d7faf-2b8f-4219-871a-f868e2a954d8/element] with body: {"strategy":"id","selector":"com.androidsample.generalstore:id/nameField","context":"","multiple":false}
&amp#27;[38;5;32m[AndroidUiautomator2Driver@2dda (735db5ca)]&amp#27;[0m Got response with status 404: {"sessionId":"0a6d7faf-2b8f-4219-871a-f868e2a954d8","value":{"error":"no such element","message":"An element could not be located on the page using the given search parameters","stacktrace":"io.appium.uiautomator2.common.exceptions.ElementNotFoundException: An element could not be located on the page using the given search parameters\n\tat io.appium.uiautomator2.handler.FindElement.safeHandle(FindElement.java:63)\n\tat io.appium.uiautomator2.handler.request.SafeRequestHandler.handle(SafeRequestHandler.java:59)\n\tat io.appium.uiautomator2.server.AppiumServlet.handleRequest(AppiumServlet.java:259)\n\tat io.appium.uiautomator2.server.AppiumServlet.handleHttpRequest(AppiumServlet.java:253)\n\tat io.appium.uiautomator2.http.ServerHandler.channelRead(ServerHandler.java:77)\n\tat io.netty.channel.AbstractChannelHandlerContext.invokeChannelRead(AbstractChannelHandlerContext.java:366)\n\tat io.netty.channel.AbstractChannelHandlerContext.invokeChannelRead(AbstractChannelHandlerContext.java:352)\n\tat io.netty.chann...
&amp#27;[38;5;112m[W3C]&amp#27;[0m Matched W3C error code 'no such element' to NoSuchElementError
&amp#27;[38;5;32m[AndroidUiautomator2Driver@2dda (735db5ca)]&amp#27;[0m Waited for 415 ms so far
&amp#27;[38;5;32m[AndroidUiautomator2Driver@2dda (735db5ca)]&amp#27;[0m Matched '/element' to command name 'findElement'
&amp#27;[38;5;32m[AndroidUiautomator2Driver@2dda (735db5ca)]&amp#27;[0m Proxying [POST /element] to [POST http://127.0.0.1:8201/session/0a6d7faf-2b8f-4219-871a-f868e2a954d8/element] with body: {"strategy":"id","selector":"com.androidsample.generalstore:id/nameField","context":"","multiple":false}
&amp#27;[38;5;32m[AndroidUiautomator2Driver@2dda (735db5ca)]&amp#27;[0m Got response with status 404: {"sessionId":"0a6d7faf-2b8f-4219-871a-f868e2a954d8","value":{"error":"no such element","message":"An element could not be located on the page using the given search parameters","stacktrace":"io.appium.uiautomator2.common.exceptions.ElementNotFoundException: An element could not be located on the page using the given search parameters\n\tat io.appium.uiautomator2.handler.FindElement.safeHandle(FindElement.java:63)\n\tat io.appium.uiautomator2.handler.request.SafeRequestHandler.handle(SafeRequestHandler.java:59)\n\tat io.appium.uiautomator2.server.AppiumServlet.handleRequest(AppiumServlet.java:259)\n\tat io.appium.uiautomator2.server.AppiumServlet.handleHttpRequest(AppiumServlet.java:253)\n\tat io.appium.uiautomator2.http.ServerHandler.channelRead(ServerHandler.java:77)\n\tat io.netty.channel.AbstractChannelHandlerContext.invokeChannelRead(AbstractChannelHandlerContext.java:366)\n\tat io.netty.channel.AbstractChannelHandlerContext.invokeChannelRead(AbstractChannelHandlerContext.java:352)\n\tat io.netty.chann...
&amp#27;[38;5;112m[W3C]&amp#27;[0m Matched W3C error code 'no such element' to NoSuchElementError
&amp#27;[38;5;32m[AndroidUiautomator2Driver@2dda (735db5ca)]&amp#27;[0m Waited for 1320 ms so far
&amp#27;[38;5;32m[AndroidUiautomator2Driver@2dda (735db5ca)]&amp#27;[0m Matched '/element' to command name 'findElement'
&amp#27;[38;5;32m[AndroidUiautomator2Driver@2dda (735db5ca)]&amp#27;[0m Proxying [POST /element] to [POST http://127.0.0.1:8201/session/0a6d7faf-2b8f-4219-871a-f868e2a954d8/element] with body: {"strategy":"id","selector":"com.androidsample.generalstore:id/nameField","context":"","multiple":false}
&amp#27;[38;5;32m[AndroidUiautomator2Driver@2dda (735db5ca)]&amp#27;[0m Got response with status 200: {"sessionId":"0a6d7faf-2b8f-4219-871a-f868e2a954d8","value":{"ELEMENT":"00000000-0000-0069-ffff-ffff00000039","element-6066-11e4-a52e-4f735466cecf":"00000000-0000-0069-ffff-ffff00000039"}}
&amp#27;[38;5;32m[AndroidUiautomator2Driver@2dda (735db5ca)]&amp#27;[0m Responding to client with driver.findElement() result: {"element-6066-11e4-a52e-4f735466cecf":"00000000-0000-0069-ffff-ffff00000039","ELEMENT":"00000000-0000-0069-ffff-ffff00000039"}
&amp#27;[38;5;0m[HTTP]&amp#27;[0m <-- POST /session/735db5ca-b012-4c7d-a1ea-a2adf462b809/element 200 1922 ms - 137
&amp#27;[38;5;0m[HTTP]&amp#27;[0m 
&amp#27;[38;5;0m[HTTP]&amp#27;[0m &amp#27;[37m-->&amp#27;[39m &amp#27;[37mPOST&amp#27;[39m &amp#27;[37m/session/735db5ca-b012-4c7d-a1ea-a2adf462b809/element/00000000-0000-0069-ffff-ffff00000039/value&amp#27;[39m
&amp#27;[38;5;0m[HTTP]&amp#27;[0m {"text":"rahul shetty","value":["r","a","h","u","l"," ","s","h","e","t","t","y"],"id":"00000000-0000-0069-ffff-ffff00000039"}
&amp#27;[38;5;32m[AndroidUiautomator2Driver@2dda (735db5ca)]&amp#27;[0m Calling AppiumDriver.setValue() with args: [["r","a","h","u","l"," ","s","h","e","t","t","y"],"00000000-0000-0069-ffff-ffff00000039","735db5ca-b012-4c7d-a1ea-a2adf462b809"]
&amp#27;[38;5;32m[AndroidUiautomator2Driver@2dda (735db5ca)]&amp#27;[0m Matched '/element/00000000-0000-0069-ffff-ffff00000039/value' to command name 'setValue'
&amp#27;[38;5;32m[AndroidUiautomator2Driver@2dda (735db5ca)]&amp#27;[0m Added 'value' property ["r","a","h","u","l"," ","s","h","e","t","t","y"] to 'setValue' request body
&amp#27;[38;5;32m[AndroidUiautomator2Driver@2dda (735db5ca)]&amp#27;[0m Proxying [POST /element/00000000-0000-0069-ffff-ffff00000039/value] to [POST http://127.0.0.1:8201/session/0a6d7faf-2b8f-4219-871a-f868e2a954d8/element/00000000-0000-0069-ffff-ffff00000039/value] with body: {"elementId":"00000000-0000-0069-ffff-ffff00000039","text":"rahul shetty","replace":false,"value":["r","a","h","u","l"," ","s","h","e","t","t","y"]}
&amp#27;[38;5;32m[AndroidUiautomator2Driver@2dda (735db5ca)]&amp#27;[0m Got response with status 200: {"sessionId":"0a6d7faf-2b8f-4219-871a-f868e2a954d8","value":null}
&amp#27;[38;5;32m[AndroidUiautomator2Driver@2dda (735db5ca)]&amp#27;[0m Responding to client with driver.setValue() result: null
&amp#27;[38;5;0m[HTTP]&amp#27;[0m <-- POST /session/735db5ca-b012-4c7d-a1ea-a2adf462b809/element/00000000-0000-0069-ffff-ffff00000039/value 200 583 ms - 14
&amp#27;[38;5;0m[HTTP]&amp#27;[0m 
&amp#27;[38;5;0m[HTTP]&amp#27;[0m &amp#27;[37m-->&amp#27;[39m &amp#27;[37mPOST&amp#27;[39m &amp#27;[37m/session/735db5ca-b012-4c7d-a1ea-a2adf462b809/execute/sync&amp#27;[39m
&amp#27;[38;5;0m[HTTP]&amp#27;[0m {"script":"mobile: hideKeyboard","args":[]}
&amp#27;[38;5;32m[AndroidUiautomator2Driver@2dda (735db5ca)]&amp#27;[0m Calling AppiumDriver.execute() with args: ["mobile: hideKeyboard",[],"735db5ca-b012-4c7d-a1ea-a2adf462b809"]
&amp#27;[38;5;32m[AndroidUiautomator2Driver@2dda (735db5ca)]&amp#27;[0m Executing native command 'mobile: hideKeyboard'
&amp#27;[38;5;48m[ADB]&amp#27;[0m Running '/Users/stefanstefanov/Library/Android/sdk/platform-tools/adb -P 5037 -s emulator-5554 shell dumpsys input_method'
&amp#27;[38;5;48m[ADB]&amp#27;[0m Keyboard has no UI; no closing necessary
&amp#27;[38;5;32m[AndroidUiautomator2Driver@2dda (735db5ca)]&amp#27;[0m Responding to client with driver.execute() result: false
&amp#27;[38;5;0m[HTTP]&amp#27;[0m <-- POST /session/735db5ca-b012-4c7d-a1ea-a2adf462b809/execute/sync 200 329 ms - 15
&amp#27;[38;5;0m[HTTP]&amp#27;[0m 
&amp#27;[38;5;0m[HTTP]&amp#27;[0m &amp#27;[37m-->&amp#27;[39m &amp#27;[37mGET&amp#27;[39m &amp#27;[37m/session/735db5ca-b012-4c7d-a1ea-a2adf462b809/context&amp#27;[39m
&amp#27;[38;5;0m[HTTP]&amp#27;[0m {}
&amp#27;[38;5;32m[AndroidUiautomator2Driver@2dda (735db5ca)]&amp#27;[0m Calling AppiumDriver.getCurrentContext() with args: ["735db5ca-b012-4c7d-a1ea-a2adf462b809"]
&amp#27;[38;5;32m[AndroidUiautomator2Driver@2dda (735db5ca)]&amp#27;[0m Responding to client with driver.getCurrentContext() result: "NATIVE_APP"
&amp#27;[38;5;0m[HTTP]&amp#27;[0m <-- GET /session/735db5ca-b012-4c7d-a1ea-a2adf462b809/context 200 2 ms - 22
&amp#27;[38;5;0m[HTTP]&amp#27;[0m 
&amp#27;[38;5;0m[HTTP]&amp#27;[0m &amp#27;[37m-->&amp#27;[39m &amp#27;[37mPOST&amp#27;[39m &amp#27;[37m/session/735db5ca-b012-4c7d-a1ea-a2adf462b809/element&amp#27;[39m
&amp#27;[38;5;0m[HTTP]&amp#27;[0m {"value":"//android.widget.RadioButton[@text='Female']","using":"xpath"}
&amp#27;[38;5;32m[AndroidUiautomator2Driver@2dda (735db5ca)]&amp#27;[0m Calling AppiumDriver.findElement() with args: ["xpath","//android.widget.RadioButton[@text='Female']","735db5ca-b012-4c7d-a1ea-a2adf462b809"]
&amp#27;[38;5;32m[AndroidUiautomator2Driver@2dda (735db5ca)]&amp#27;[0m Valid locator strategies for this request: xpath, id, class name, accessibility id, css selector, -android uiautomator
&amp#27;[38;5;32m[AndroidUiautomator2Driver@2dda (735db5ca)]&amp#27;[0m Waiting up to 10000 ms for condition
&amp#27;[38;5;32m[AndroidUiautomator2Driver@2dda (735db5ca)]&amp#27;[0m Matched '/element' to command name 'findElement'
&amp#27;[38;5;32m[AndroidUiautomator2Driver@2dda (735db5ca)]&amp#27;[0m Proxying [POST /element] to [POST http://127.0.0.1:8201/session/0a6d7faf-2b8f-4219-871a-f868e2a954d8/element] with body: {"strategy":"xpath","selector":"//android.widget.RadioButton[@text='Female']","context":"","multiple":false}
&amp#27;[38;5;32m[AndroidUiautomator2Driver@2dda (735db5ca)]&amp#27;[0m Got response with status 200: {"sessionId":"0a6d7faf-2b8f-4219-871a-f868e2a954d8","value":{"ELEMENT":"00000000-0000-0069-ffff-ffff0000003d","element-6066-11e4-a52e-4f735466cecf":"00000000-0000-0069-ffff-ffff0000003d"}}
&amp#27;[38;5;32m[AndroidUiautomator2Driver@2dda (735db5ca)]&amp#27;[0m Responding to client with driver.findElement() result: {"element-6066-11e4-a52e-4f735466cecf":"00000000-0000-0069-ffff-ffff0000003d","ELEMENT":"00000000-0000-0069-ffff-ffff0000003d"}
&amp#27;[38;5;0m[HTTP]&amp#27;[0m <-- POST /session/735db5ca-b012-4c7d-a1ea-a2adf462b809/element 200 1079 ms - 137
&amp#27;[38;5;0m[HTTP]&amp#27;[0m 
&amp#27;[38;5;0m[HTTP]&amp#27;[0m &amp#27;[37m-->&amp#27;[39m &amp#27;[37mPOST&amp#27;[39m &amp#27;[37m/session/735db5ca-b012-4c7d-a1ea-a2adf462b809/element/00000000-0000-0069-ffff-ffff0000003d/click&amp#27;[39m
&amp#27;[38;5;0m[HTTP]&amp#27;[0m {"id":"00000000-0000-0069-ffff-ffff0000003d"}
&amp#27;[38;5;32m[AndroidUiautomator2Driver@2dda (735db5ca)]&amp#27;[0m Calling AppiumDriver.click() with args: ["00000000-0000-0069-ffff-ffff0000003d","735db5ca-b012-4c7d-a1ea-a2adf462b809"]
&amp#27;[38;5;32m[AndroidUiautomator2Driver@2dda (735db5ca)]&amp#27;[0m Matched '/element/00000000-0000-0069-ffff-ffff0000003d/click' to command name 'click'
&amp#27;[38;5;32m[AndroidUiautomator2Driver@2dda (735db5ca)]&amp#27;[0m Proxying [POST /element/00000000-0000-0069-ffff-ffff0000003d/click] to [POST http://127.0.0.1:8201/session/0a6d7faf-2b8f-4219-871a-f868e2a954d8/element/00000000-0000-0069-ffff-ffff0000003d/click] with body: {"element":"00000000-0000-0069-ffff-ffff0000003d"}
&amp#27;[38;5;32m[AndroidUiautomator2Driver@2dda (735db5ca)]&amp#27;[0m Got response with status 200: {"sessionId":"0a6d7faf-2b8f-4219-871a-f868e2a954d8","value":null}
&amp#27;[38;5;32m[AndroidUiautomator2Driver@2dda (735db5ca)]&amp#27;[0m Responding to client with driver.click() result: null
&amp#27;[38;5;0m[HTTP]&amp#27;[0m <-- POST /session/735db5ca-b012-4c7d-a1ea-a2adf462b809/element/00000000-0000-0069-ffff-ffff0000003d/click 200 133 ms - 14
&amp#27;[38;5;0m[HTTP]&amp#27;[0m 
&amp#27;[38;5;0m[HTTP]&amp#27;[0m &amp#27;[37m-->&amp#27;[39m &amp#27;[37mGET&amp#27;[39m &amp#27;[37m/session/735db5ca-b012-4c7d-a1ea-a2adf462b809/context&amp#27;[39m
&amp#27;[38;5;0m[HTTP]&amp#27;[0m {}
&amp#27;[38;5;32m[AndroidUiautomator2Driver@2dda (735db5ca)]&amp#27;[0m Calling AppiumDriver.getCurrentContext() with args: ["735db5ca-b012-4c7d-a1ea-a2adf462b809"]
&amp#27;[38;5;32m[AndroidUiautomator2Driver@2dda (735db5ca)]&amp#27;[0m Responding to client with driver.getCurrentContext() result: "NATIVE_APP"
&amp#27;[38;5;0m[HTTP]&amp#27;[0m <-- GET /session/735db5ca-b012-4c7d-a1ea-a2adf462b809/context 200 1 ms - 22
&amp#27;[38;5;0m[HTTP]&amp#27;[0m 
&amp#27;[38;5;0m[HTTP]&amp#27;[0m &amp#27;[37m-->&amp#27;[39m &amp#27;[37mPOST&amp#27;[39m &amp#27;[37m/session/735db5ca-b012-4c7d-a1ea-a2adf462b809/element&amp#27;[39m
&amp#27;[38;5;0m[HTTP]&amp#27;[0m {"value":"android:id/text1","using":"id"}
&amp#27;[38;5;32m[AndroidUiautomator2Driver@2dda (735db5ca)]&amp#27;[0m Calling AppiumDriver.findElement() with args: ["id","android:id/text1","735db5ca-b012-4c7d-a1ea-a2adf462b809"]
&amp#27;[38;5;32m[AndroidUiautomator2Driver@2dda (735db5ca)]&amp#27;[0m Valid locator strategies for this request: xpath, id, class name, accessibility id, css selector, -android uiautomator
&amp#27;[38;5;32m[AndroidUiautomator2Driver@2dda (735db5ca)]&amp#27;[0m Waiting up to 10000 ms for condition
&amp#27;[38;5;32m[AndroidUiautomator2Driver@2dda (735db5ca)]&amp#27;[0m Matched '/element' to command name 'findElement'
&amp#27;[38;5;32m[AndroidUiautomator2Driver@2dda (735db5ca)]&amp#27;[0m Proxying [POST /element] to [POST http://127.0.0.1:8201/session/0a6d7faf-2b8f-4219-871a-f868e2a954d8/element] with body: {"strategy":"id","selector":"android:id/text1","context":"","multiple":false}
&amp#27;[38;5;32m[AndroidUiautomator2Driver@2dda (735db5ca)]&amp#27;[0m Got response with status 200: {"sessionId":"0a6d7faf-2b8f-4219-871a-f868e2a954d8","value":{"ELEMENT":"00000000-0000-0069-ffff-ffff00000041","element-6066-11e4-a52e-4f735466cecf":"00000000-0000-0069-ffff-ffff00000041"}}
&amp#27;[38;5;32m[AndroidUiautomator2Driver@2dda (735db5ca)]&amp#27;[0m Responding to client with driver.findElement() result: {"element-6066-11e4-a52e-4f735466cecf":"00000000-0000-0069-ffff-ffff00000041","ELEMENT":"00000000-0000-0069-ffff-ffff00000041"}
&amp#27;[38;5;0m[HTTP]&amp#27;[0m <-- POST /session/735db5ca-b012-4c7d-a1ea-a2adf462b809/element 200 271 ms - 137
&amp#27;[38;5;0m[HTTP]&amp#27;[0m 
&amp#27;[38;5;0m[HTTP]&amp#27;[0m &amp#27;[37m-->&amp#27;[39m &amp#27;[37mPOST&amp#27;[39m &amp#27;[37m/session/735db5ca-b012-4c7d-a1ea-a2adf462b809/element/00000000-0000-0069-ffff-ffff00000041/click&amp#27;[39m
&amp#27;[38;5;0m[HTTP]&amp#27;[0m {"id":"00000000-0000-0069-ffff-ffff00000041"}
&amp#27;[38;5;32m[AndroidUiautomator2Driver@2dda (735db5ca)]&amp#27;[0m Calling AppiumDriver.click() with args: ["00000000-0000-0069-ffff-ffff00000041","735db5ca-b012-4c7d-a1ea-a2adf462b809"]
&amp#27;[38;5;32m[AndroidUiautomator2Driver@2dda (735db5ca)]&amp#27;[0m Matched '/element/00000000-0000-0069-ffff-ffff00000041/click' to command name 'click'
&amp#27;[38;5;32m[AndroidUiautomator2Driver@2dda (735db5ca)]&amp#27;[0m Proxying [POST /element/00000000-0000-0069-ffff-ffff00000041/click] to [POST http://127.0.0.1:8201/session/0a6d7faf-2b8f-4219-871a-f868e2a954d8/element/00000000-0000-0069-ffff-ffff00000041/click] with body: {"element":"00000000-0000-0069-ffff-ffff00000041"}
&amp#27;[38;5;32m[AndroidUiautomator2Driver@2dda (735db5ca)]&amp#27;[0m Got response with status 200: {"sessionId":"0a6d7faf-2b8f-4219-871a-f868e2a954d8","value":null}
&amp#27;[38;5;32m[AndroidUiautomator2Driver@2dda (735db5ca)]&amp#27;[0m Responding to client with driver.click() result: null
&amp#27;[38;5;0m[HTTP]&amp#27;[0m <-- POST /session/735db5ca-b012-4c7d-a1ea-a2adf462b809/element/00000000-0000-0069-ffff-ffff00000041/click 200 550 ms - 14
&amp#27;[38;5;0m[HTTP]&amp#27;[0m 
&amp#27;[38;5;0m[HTTP]&amp#27;[0m &amp#27;[37m-->&amp#27;[39m &amp#27;[37mPOST&amp#27;[39m &amp#27;[37m/session/735db5ca-b012-4c7d-a1ea-a2adf462b809/element&amp#27;[39m
&amp#27;[38;5;0m[HTTP]&amp#27;[0m {"value":"new UiScrollable(new UiSelector()).scrollIntoView(text(\"Argentina\"));","using":"-android uiautomator"}
&amp#27;[38;5;32m[AndroidUiautomator2Driver@2dda (735db5ca)]&amp#27;[0m Calling AppiumDriver.findElement() with args: ["-android uiautomator","new UiScrollable(new UiSelector()).scrollIntoView(text(\"Argentina\"));","735db5ca-b012-4c7d-a1ea-a2adf462b809"]
&amp#27;[38;5;32m[AndroidUiautomator2Driver@2dda (735db5ca)]&amp#27;[0m Valid locator strategies for this request: xpath, id, class name, accessibility id, css selector, -android uiautomator
&amp#27;[38;5;32m[AndroidUiautomator2Driver@2dda (735db5ca)]&amp#27;[0m Waiting up to 10000 ms for condition
&amp#27;[38;5;32m[AndroidUiautomator2Driver@2dda (735db5ca)]&amp#27;[0m Matched '/element' to command name 'findElement'
&amp#27;[38;5;32m[AndroidUiautomator2Driver@2dda (735db5ca)]&amp#27;[0m Proxying [POST /element] to [POST http://127.0.0.1:8201/session/0a6d7faf-2b8f-4219-871a-f868e2a954d8/element] with body: {"strategy":"-android uiautomator","selector":"new UiScrollable(new UiSelector()).scrollIntoView(text(\"Argentina\"));","context":"","multiple":false}
&amp#27;[38;5;32m[AndroidUiautomator2Driver@2dda (735db5ca)]&amp#27;[0m Got response with status 200: {"sessionId":"0a6d7faf-2b8f-4219-871a-f868e2a954d8","value":{"ELEMENT":"00000000-0000-006a-ffff-ffff0000004f","element-6066-11e4-a52e-4f735466cecf":"00000000-0000-006a-ffff-ffff0000004f"}}
&amp#27;[38;5;32m[AndroidUiautomator2Driver@2dda (735db5ca)]&amp#27;[0m Responding to client with driver.findElement() result: {"element-6066-11e4-a52e-4f735466cecf":"00000000-0000-006a-ffff-ffff0000004f","ELEMENT":"00000000-0000-006a-ffff-ffff0000004f"}
&amp#27;[38;5;0m[HTTP]&amp#27;[0m <-- POST /session/735db5ca-b012-4c7d-a1ea-a2adf462b809/element 200 1140 ms - 137
&amp#27;[38;5;0m[HTTP]&amp#27;[0m 
&amp#27;[38;5;0m[HTTP]&amp#27;[0m &amp#27;[37m-->&amp#27;[39m &amp#27;[37mPOST&amp#27;[39m &amp#27;[37m/session/735db5ca-b012-4c7d-a1ea-a2adf462b809/element&amp#27;[39m
&amp#27;[38;5;0m[HTTP]&amp#27;[0m {"value":"//android.widget.TextView[@text='Argentina']","using":"xpath"}
&amp#27;[38;5;32m[AndroidUiautomator2Driver@2dda (735db5ca)]&amp#27;[0m Calling AppiumDriver.findElement() with args: ["xpath","//android.widget.TextView[@text='Argentina']","735db5ca-b012-4c7d-a1ea-a2adf462b809"]
&amp#27;[38;5;32m[AndroidUiautomator2Driver@2dda (735db5ca)]&amp#27;[0m Valid locator strategies for this request: xpath, id, class name, accessibility id, css selector, -android uiautomator
&amp#27;[38;5;32m[AndroidUiautomator2Driver@2dda (735db5ca)]&amp#27;[0m Waiting up to 10000 ms for condition
&amp#27;[38;5;32m[AndroidUiautomator2Driver@2dda (735db5ca)]&amp#27;[0m Matched '/element' to command name 'findElement'
&amp#27;[38;5;32m[AndroidUiautomator2Driver@2dda (735db5ca)]&amp#27;[0m Proxying [POST /element] to [POST http://127.0.0.1:8201/session/0a6d7faf-2b8f-4219-871a-f868e2a954d8/element] with body: {"strategy":"xpath","selector":"//android.widget.TextView[@text='Argentina']","context":"","multiple":false}
&amp#27;[38;5;32m[AndroidUiautomator2Driver@2dda (735db5ca)]&amp#27;[0m Got response with status 200: {"sessionId":"0a6d7faf-2b8f-4219-871a-f868e2a954d8","value":{"ELEMENT":"00000000-0000-006a-ffff-ffff0000004f","element-6066-11e4-a52e-4f735466cecf":"00000000-0000-006a-ffff-ffff0000004f"}}
&amp#27;[38;5;32m[AndroidUiautomator2Driver@2dda (735db5ca)]&amp#27;[0m Responding to client with driver.findElement() result: {"element-6066-11e4-a52e-4f735466cecf":"00000000-0000-006a-ffff-ffff0000004f","ELEMENT":"00000000-0000-006a-ffff-ffff0000004f"}
&amp#27;[38;5;0m[HTTP]&amp#27;[0m <-- POST /session/735db5ca-b012-4c7d-a1ea-a2adf462b809/element 200 93 ms - 137
&amp#27;[38;5;0m[HTTP]&amp#27;[0m 
&amp#27;[38;5;0m[HTTP]&amp#27;[0m &amp#27;[37m-->&amp#27;[39m &amp#27;[37mPOST&amp#27;[39m &amp#27;[37m/session/735db5ca-b012-4c7d-a1ea-a2adf462b809/element/00000000-0000-006a-ffff-ffff0000004f/click&amp#27;[39m
&amp#27;[38;5;0m[HTTP]&amp#27;[0m {"id":"00000000-0000-006a-ffff-ffff0000004f"}
&amp#27;[38;5;32m[AndroidUiautomator2Driver@2dda (735db5ca)]&amp#27;[0m Calling AppiumDriver.click() with args: ["00000000-0000-006a-ffff-ffff0000004f","735db5ca-b012-4c7d-a1ea-a2adf462b809"]
&amp#27;[38;5;32m[AndroidUiautomator2Driver@2dda (735db5ca)]&amp#27;[0m Matched '/element/00000000-0000-006a-ffff-ffff0000004f/click' to command name 'click'
&amp#27;[38;5;32m[AndroidUiautomator2Driver@2dda (735db5ca)]&amp#27;[0m Proxying [POST /element/00000000-0000-006a-ffff-ffff0000004f/click] to [POST http://127.0.0.1:8201/session/0a6d7faf-2b8f-4219-871a-f868e2a954d8/element/00000000-0000-006a-ffff-ffff0000004f/click] with body: {"element":"00000000-0000-006a-ffff-ffff0000004f"}
&amp#27;[38;5;32m[AndroidUiautomator2Driver@2dda (735db5ca)]&amp#27;[0m Got response with status 200: {"sessionId":"0a6d7faf-2b8f-4219-871a-f868e2a954d8","value":null}
&amp#27;[38;5;32m[AndroidUiautomator2Driver@2dda (735db5ca)]&amp#27;[0m Responding to client with driver.click() result: null
&amp#27;[38;5;0m[HTTP]&amp#27;[0m <-- POST /session/735db5ca-b012-4c7d-a1ea-a2adf462b809/element/00000000-0000-006a-ffff-ffff0000004f/click 200 817 ms - 14
&amp#27;[38;5;0m[HTTP]&amp#27;[0m 
&amp#27;[38;5;0m[HTTP]&amp#27;[0m &amp#27;[37m-->&amp#27;[39m &amp#27;[37mGET&amp#27;[39m &amp#27;[37m/session/735db5ca-b012-4c7d-a1ea-a2adf462b809/context&amp#27;[39m
&amp#27;[38;5;0m[HTTP]&amp#27;[0m {}
&amp#27;[38;5;32m[AndroidUiautomator2Driver@2dda (735db5ca)]&amp#27;[0m Calling AppiumDriver.getCurrentContext() with args: ["735db5ca-b012-4c7d-a1ea-a2adf462b809"]
&amp#27;[38;5;32m[AndroidUiautomator2Driver@2dda (735db5ca)]&amp#27;[0m Responding to client with driver.getCurrentContext() result: "NATIVE_APP"
&amp#27;[38;5;0m[HTTP]&amp#27;[0m <-- GET /session/735db5ca-b012-4c7d-a1ea-a2adf462b809/context 200 1 ms - 22
&amp#27;[38;5;0m[HTTP]&amp#27;[0m 
&amp#27;[38;5;0m[HTTP]&amp#27;[0m &amp#27;[37m-->&amp#27;[39m &amp#27;[37mPOST&amp#27;[39m &amp#27;[37m/session/735db5ca-b012-4c7d-a1ea-a2adf462b809/element&amp#27;[39m
&amp#27;[38;5;0m[HTTP]&amp#27;[0m {"value":"com.androidsample.generalstore:id/btnLetsShop","using":"id"}
&amp#27;[38;5;32m[AndroidUiautomator2Driver@2dda (735db5ca)]&amp#27;[0m Calling AppiumDriver.findElement() with args: ["id","com.androidsample.generalstore:id/btnLetsShop","735db5ca-b012-4c7d-a1ea-a2adf462b809"]
&amp#27;[38;5;32m[AndroidUiautomator2Driver@2dda (735db5ca)]&amp#27;[0m Valid locator strategies for this request: xpath, id, class name, accessibility id, css selector, -android uiautomator
&amp#27;[38;5;32m[AndroidUiautomator2Driver@2dda (735db5ca)]&amp#27;[0m Waiting up to 10000 ms for condition
&amp#27;[38;5;32m[AndroidUiautomator2Driver@2dda (735db5ca)]&amp#27;[0m Matched '/element' to command name 'findElement'
&amp#27;[38;5;32m[AndroidUiautomator2Driver@2dda (735db5ca)]&amp#27;[0m Proxying [POST /element] to [POST http://127.0.0.1:8201/session/0a6d7faf-2b8f-4219-871a-f868e2a954d8/element] with body: {"strategy":"id","selector":"com.androidsample.generalstore:id/btnLetsShop","context":"","multiple":false}
&amp#27;[38;5;32m[AndroidUiautomator2Driver@2dda (735db5ca)]&amp#27;[0m Got response with status 200: {"sessionId":"0a6d7faf-2b8f-4219-871a-f868e2a954d8","value":{"ELEMENT":"00000000-0000-0069-ffff-ffff0000003e","element-6066-11e4-a52e-4f735466cecf":"00000000-0000-0069-ffff-ffff0000003e"}}
&amp#27;[38;5;32m[AndroidUiautomator2Driver@2dda (735db5ca)]&amp#27;[0m Responding to client with driver.findElement() result: {"element-6066-11e4-a52e-4f735466cecf":"00000000-0000-0069-ffff-ffff0000003e","ELEMENT":"00000000-0000-0069-ffff-ffff0000003e"}
&amp#27;[38;5;0m[HTTP]&amp#27;[0m <-- POST /session/735db5ca-b012-4c7d-a1ea-a2adf462b809/element 200 40 ms - 137
&amp#27;[38;5;0m[HTTP]&amp#27;[0m 
&amp#27;[38;5;0m[HTTP]&amp#27;[0m &amp#27;[37m-->&amp#27;[39m &amp#27;[37mPOST&amp#27;[39m &amp#27;[37m/session/735db5ca-b012-4c7d-a1ea-a2adf462b809/element/00000000-0000-0069-ffff-ffff0000003e/click&amp#27;[39m
&amp#27;[38;5;0m[HTTP]&amp#27;[0m {"id":"00000000-0000-0069-ffff-ffff0000003e"}
&amp#27;[38;5;32m[AndroidUiautomator2Driver@2dda (735db5ca)]&amp#27;[0m Calling AppiumDriver.click() with args: ["00000000-0000-0069-ffff-ffff0000003e","735db5ca-b012-4c7d-a1ea-a2adf462b809"]
&amp#27;[38;5;32m[AndroidUiautomator2Driver@2dda (735db5ca)]&amp#27;[0m Matched '/element/00000000-0000-0069-ffff-ffff0000003e/click' to command name 'click'
&amp#27;[38;5;32m[AndroidUiautomator2Driver@2dda (735db5ca)]&amp#27;[0m Proxying [POST /element/00000000-0000-0069-ffff-ffff0000003e/click] to [POST http://127.0.0.1:8201/session/0a6d7faf-2b8f-4219-871a-f868e2a954d8/element/00000000-0000-0069-ffff-ffff0000003e/click] with body: {"element":"00000000-0000-0069-ffff-ffff0000003e"}
&amp#27;[38;5;32m[AndroidUiautomator2Driver@2dda (735db5ca)]&amp#27;[0m Got response with status 200: {"sessionId":"0a6d7faf-2b8f-4219-871a-f868e2a954d8","value":null}
&amp#27;[38;5;32m[AndroidUiautomator2Driver@2dda (735db5ca)]&amp#27;[0m Responding to client with driver.click() result: null
&amp#27;[38;5;0m[HTTP]&amp#27;[0m <-- POST /session/735db5ca-b012-4c7d-a1ea-a2adf462b809/element/00000000-0000-0069-ffff-ffff0000003e/click 200 87 ms - 14
&amp#27;[38;5;0m[HTTP]&amp#27;[0m 
&amp#27;[38;5;0m[HTTP]&amp#27;[0m &amp#27;[37m-->&amp#27;[39m &amp#27;[37mGET&amp#27;[39m &amp#27;[37m/session/735db5ca-b012-4c7d-a1ea-a2adf462b809/context&amp#27;[39m
&amp#27;[38;5;0m[HTTP]&amp#27;[0m {}
&amp#27;[38;5;32m[AndroidUiautomator2Driver@2dda (735db5ca)]&amp#27;[0m Calling AppiumDriver.getCurrentContext() with args: ["735db5ca-b012-4c7d-a1ea-a2adf462b809"]
&amp#27;[38;5;32m[AndroidUiautomator2Driver@2dda (735db5ca)]&amp#27;[0m Responding to client with driver.getCurrentContext() result: "NATIVE_APP"
&amp#27;[38;5;0m[HTTP]&amp#27;[0m <-- GET /session/735db5ca-b012-4c7d-a1ea-a2adf462b809/context 200 1 ms - 22
&amp#27;[38;5;0m[HTTP]&amp#27;[0m 
&amp#27;[38;5;0m[HTTP]&amp#27;[0m &amp#27;[37m-->&amp#27;[39m &amp#27;[37mPOST&amp#27;[39m &amp#27;[37m/session/735db5ca-b012-4c7d-a1ea-a2adf462b809/elements&amp#27;[39m
&amp#27;[38;5;0m[HTTP]&amp#27;[0m {"value":"//android.widget.TextView[@text = 'ADD TO CART']","using":"xpath"}
&amp#27;[38;5;32m[AndroidUiautomator2Driver@2dda (735db5ca)]&amp#27;[0m Calling AppiumDriver.findElements() with args: ["xpath","//android.widget.TextView[@text = 'ADD TO CART']","735db5ca-b012-4c7d-a1ea-a2adf462b809"]
&amp#27;[38;5;32m[AndroidUiautomator2Driver@2dda (735db5ca)]&amp#27;[0m Valid locator strategies for this request: xpath, id, class name, accessibility id, css selector, -android uiautomator
&amp#27;[38;5;32m[AndroidUiautomator2Driver@2dda (735db5ca)]&amp#27;[0m Waiting up to 10000 ms for condition
&amp#27;[38;5;32m[AndroidUiautomator2Driver@2dda (735db5ca)]&amp#27;[0m Matched '/elements' to command name 'findElements'
&amp#27;[38;5;32m[AndroidUiautomator2Driver@2dda (735db5ca)]&amp#27;[0m Proxying [POST /elements] to [POST http://127.0.0.1:8201/session/0a6d7faf-2b8f-4219-871a-f868e2a954d8/elements] with body: {"strategy":"xpath","selector":"//android.widget.TextView[@text = 'ADD TO CART']","context":"","multiple":true}
&amp#27;[38;5;32m[AndroidUiautomator2Driver@2dda (735db5ca)]&amp#27;[0m Got response with status 200: {"sessionId":"0a6d7faf-2b8f-4219-871a-f868e2a954d8","value":[]}
&amp#27;[38;5;32m[AndroidUiautomator2Driver@2dda (735db5ca)]&amp#27;[0m Waited for 778 ms so far
&amp#27;[38;5;32m[AndroidUiautomator2Driver@2dda (735db5ca)]&amp#27;[0m Matched '/elements' to command name 'findElements'
&amp#27;[38;5;32m[AndroidUiautomator2Driver@2dda (735db5ca)]&amp#27;[0m Proxying [POST /elements] to [POST http://127.0.0.1:8201/session/0a6d7faf-2b8f-4219-871a-f868e2a954d8/elements] with body: {"strategy":"xpath","selector":"//android.widget.TextView[@text = 'ADD TO CART']","context":"","multiple":true}
&amp#27;[38;5;32m[AndroidUiautomator2Driver@2dda (735db5ca)]&amp#27;[0m Got response with status 200: {"sessionId":"0a6d7faf-2b8f-4219-871a-f868e2a954d8","value":[{"ELEMENT":"00000000-0000-006b-ffff-ffff0000006f","element-6066-11e4-a52e-4f735466cecf":"00000000-0000-006b-ffff-ffff0000006f"},{"ELEMENT":"00000000-0000-006b-ffff-ffff00000077","element-6066-11e4-a52e-4f735466cecf":"00000000-0000-006b-ffff-ffff00000077"}]}
&amp#27;[38;5;32m[AndroidUiautomator2Driver@2dda (735db5ca)]&amp#27;[0m Responding to client with driver.findElements() result: [{"element-6066-11e4-a52e-4f735466cecf":"00000000-0000-006b-ffff-ffff0000006f","ELEMENT":"00000000-0000-006b-ffff-ffff0000006f"},{"element-6066-11e4-a52e-4f735466cecf":"00000000-0000-006b-ffff-ffff00000077","ELEMENT":"00000000-0000-006b-ffff-ffff00000077"}]
&amp#27;[38;5;0m[HTTP]&amp#27;[0m <-- POST /session/735db5ca-b012-4c7d-a1ea-a2adf462b809/elements 200 1479 ms - 267
&amp#27;[38;5;0m[HTTP]&amp#27;[0m 
&amp#27;[38;5;0m[HTTP]&amp#27;[0m &amp#27;[37m-->&amp#27;[39m &amp#27;[37mPOST&amp#27;[39m &amp#27;[37m/session/735db5ca-b012-4c7d-a1ea-a2adf462b809/element/00000000-0000-006b-ffff-ffff0000006f/click&amp#27;[39m
&amp#27;[38;5;0m[HTTP]&amp#27;[0m {"id":"00000000-0000-006b-ffff-ffff0000006f"}
&amp#27;[38;5;32m[AndroidUiautomator2Driver@2dda (735db5ca)]&amp#27;[0m Calling AppiumDriver.click() with args: ["00000000-0000-006b-ffff-ffff0000006f","735db5ca-b012-4c7d-a1ea-a2adf462b809"]
&amp#27;[38;5;32m[AndroidUiautomator2Driver@2dda (735db5ca)]&amp#27;[0m Matched '/element/00000000-0000-006b-ffff-ffff0000006f/click' to command name 'click'
&amp#27;[38;5;32m[AndroidUiautomator2Driver@2dda (735db5ca)]&amp#27;[0m Proxying [POST /element/00000000-0000-006b-ffff-ffff0000006f/click] to [POST http://127.0.0.1:8201/session/0a6d7faf-2b8f-4219-871a-f868e2a954d8/element/00000000-0000-006b-ffff-ffff0000006f/click] with body: {"element":"00000000-0000-006b-ffff-ffff0000006f"}
&amp#27;[38;5;32m[AndroidUiautomator2Driver@2dda (735db5ca)]&amp#27;[0m Got response with status 200: {"sessionId":"0a6d7faf-2b8f-4219-871a-f868e2a954d8","value":null}
&amp#27;[38;5;32m[AndroidUiautomator2Driver@2dda (735db5ca)]&amp#27;[0m Responding to client with driver.click() result: null
&amp#27;[38;5;0m[HTTP]&amp#27;[0m <-- POST /session/735db5ca-b012-4c7d-a1ea-a2adf462b809/element/00000000-0000-006b-ffff-ffff0000006f/click 200 556 ms - 14
&amp#27;[38;5;0m[HTTP]&amp#27;[0m 
&amp#27;[38;5;0m[HTTP]&amp#27;[0m &amp#27;[37m-->&amp#27;[39m &amp#27;[37mGET&amp#27;[39m &amp#27;[37m/session/735db5ca-b012-4c7d-a1ea-a2adf462b809/context&amp#27;[39m
&amp#27;[38;5;0m[HTTP]&amp#27;[0m {}
&amp#27;[38;5;32m[AndroidUiautomator2Driver@2dda (735db5ca)]&amp#27;[0m Calling AppiumDriver.getCurrentContext() with args: ["735db5ca-b012-4c7d-a1ea-a2adf462b809"]
&amp#27;[38;5;32m[AndroidUiautomator2Driver@2dda (735db5ca)]&amp#27;[0m Responding to client with driver.getCurrentContext() result: "NATIVE_APP"
&amp#27;[38;5;0m[HTTP]&amp#27;[0m <-- GET /session/735db5ca-b012-4c7d-a1ea-a2adf462b809/context 200 1 ms - 22
&amp#27;[38;5;0m[HTTP]&amp#27;[0m 
&amp#27;[38;5;0m[HTTP]&amp#27;[0m &amp#27;[37m-->&amp#27;[39m &amp#27;[37mPOST&amp#27;[39m &amp#27;[37m/session/735db5ca-b012-4c7d-a1ea-a2adf462b809/elements&amp#27;[39m
&amp#27;[38;5;0m[HTTP]&amp#27;[0m {"value":"//android.widget.TextView[@text = 'ADD TO CART']","using":"xpath"}
&amp#27;[38;5;32m[AndroidUiautomator2Driver@2dda (735db5ca)]&amp#27;[0m Calling AppiumDriver.findElements() with args: ["xpath","//android.widget.TextView[@text = 'ADD TO CART']","735db5ca-b012-4c7d-a1ea-a2adf462b809"]
&amp#27;[38;5;32m[AndroidUiautomator2Driver@2dda (735db5ca)]&amp#27;[0m Valid locator strategies for this request: xpath, id, class name, accessibility id, css selector, -android uiautomator
&amp#27;[38;5;32m[AndroidUiautomator2Driver@2dda (735db5ca)]&amp#27;[0m Waiting up to 10000 ms for condition
&amp#27;[38;5;32m[AndroidUiautomator2Driver@2dda (735db5ca)]&amp#27;[0m Matched '/elements' to command name 'findElements'
&amp#27;[38;5;32m[AndroidUiautomator2Driver@2dda (735db5ca)]&amp#27;[0m Proxying [POST /elements] to [POST http://127.0.0.1:8201/session/0a6d7faf-2b8f-4219-871a-f868e2a954d8/elements] with body: {"strategy":"xpath","selector":"//android.widget.TextView[@text = 'ADD TO CART']","context":"","multiple":true}
&amp#27;[38;5;32m[AndroidUiautomator2Driver@2dda (735db5ca)]&amp#27;[0m Got response with status 200: {"sessionId":"0a6d7faf-2b8f-4219-871a-f868e2a954d8","value":[{"ELEMENT":"00000000-0000-006b-ffff-ffff00000077","element-6066-11e4-a52e-4f735466cecf":"00000000-0000-006b-ffff-ffff00000077"}]}
&amp#27;[38;5;32m[AndroidUiautomator2Driver@2dda (735db5ca)]&amp#27;[0m Responding to client with driver.findElements() result: [{"element-6066-11e4-a52e-4f735466cecf":"00000000-0000-006b-ffff-ffff00000077","ELEMENT":"00000000-0000-006b-ffff-ffff00000077"}]
&amp#27;[38;5;0m[HTTP]&amp#27;[0m <-- POST /session/735db5ca-b012-4c7d-a1ea-a2adf462b809/elements 200 105 ms - 139
&amp#27;[38;5;0m[HTTP]&amp#27;[0m 
&amp#27;[38;5;0m[HTTP]&amp#27;[0m &amp#27;[37m-->&amp#27;[39m &amp#27;[37mPOST&amp#27;[39m &amp#27;[37m/session/735db5ca-b012-4c7d-a1ea-a2adf462b809/element/00000000-0000-006b-ffff-ffff00000077/click&amp#27;[39m
&amp#27;[38;5;0m[HTTP]&amp#27;[0m {"id":"00000000-0000-006b-ffff-ffff00000077"}
&amp#27;[38;5;32m[AndroidUiautomator2Driver@2dda (735db5ca)]&amp#27;[0m Calling AppiumDriver.click() with args: ["00000000-0000-006b-ffff-ffff00000077","735db5ca-b012-4c7d-a1ea-a2adf462b809"]
&amp#27;[38;5;32m[AndroidUiautomator2Driver@2dda (735db5ca)]&amp#27;[0m Matched '/element/00000000-0000-006b-ffff-ffff00000077/click' to command name 'click'
&amp#27;[38;5;32m[AndroidUiautomator2Driver@2dda (735db5ca)]&amp#27;[0m Proxying [POST /element/00000000-0000-006b-ffff-ffff00000077/click] to [POST http://127.0.0.1:8201/session/0a6d7faf-2b8f-4219-871a-f868e2a954d8/element/00000000-0000-006b-ffff-ffff00000077/click] with body: {"element":"00000000-0000-006b-ffff-ffff00000077"}
&amp#27;[38;5;32m[AndroidUiautomator2Driver@2dda (735db5ca)]&amp#27;[0m Got response with status 200: {"sessionId":"0a6d7faf-2b8f-4219-871a-f868e2a954d8","value":null}
&amp#27;[38;5;32m[AndroidUiautomator2Driver@2dda (735db5ca)]&amp#27;[0m Responding to client with driver.click() result: null
&amp#27;[38;5;0m[HTTP]&amp#27;[0m <-- POST /session/735db5ca-b012-4c7d-a1ea-a2adf462b809/element/00000000-0000-006b-ffff-ffff00000077/click 200 544 ms - 14
&amp#27;[38;5;0m[HTTP]&amp#27;[0m 
&amp#27;[38;5;0m[HTTP]&amp#27;[0m &amp#27;[37m-->&amp#27;[39m &amp#27;[37mGET&amp#27;[39m &amp#27;[37m/session/735db5ca-b012-4c7d-a1ea-a2adf462b809/context&amp#27;[39m
&amp#27;[38;5;0m[HTTP]&amp#27;[0m {}
&amp#27;[38;5;32m[AndroidUiautomator2Driver@2dda (735db5ca)]&amp#27;[0m Calling AppiumDriver.getCurrentContext() with args: ["735db5ca-b012-4c7d-a1ea-a2adf462b809"]
&amp#27;[38;5;32m[AndroidUiautomator2Driver@2dda (735db5ca)]&amp#27;[0m Responding to client with driver.getCurrentContext() result: "NATIVE_APP"
&amp#27;[38;5;0m[HTTP]&amp#27;[0m <-- GET /session/735db5ca-b012-4c7d-a1ea-a2adf462b809/context 200 1 ms - 22
&amp#27;[38;5;0m[HTTP]&amp#27;[0m 
&amp#27;[38;5;0m[HTTP]&amp#27;[0m &amp#27;[37m-->&amp#27;[39m &amp#27;[37mPOST&amp#27;[39m &amp#27;[37m/session/735db5ca-b012-4c7d-a1ea-a2adf462b809/element&amp#27;[39m
&amp#27;[38;5;0m[HTTP]&amp#27;[0m {"value":"com.androidsample.generalstore:id/appbar_btn_cart","using":"id"}
&amp#27;[38;5;32m[AndroidUiautomator2Driver@2dda (735db5ca)]&amp#27;[0m Calling AppiumDriver.findElement() with args: ["id","com.androidsample.generalstore:id/appbar_btn_cart","735db5ca-b012-4c7d-a1ea-a2adf462b809"]
&amp#27;[38;5;32m[AndroidUiautomator2Driver@2dda (735db5ca)]&amp#27;[0m Valid locator strategies for this request: xpath, id, class name, accessibility id, css selector, -android uiautomator
&amp#27;[38;5;32m[AndroidUiautomator2Driver@2dda (735db5ca)]&amp#27;[0m Waiting up to 10000 ms for condition
&amp#27;[38;5;32m[AndroidUiautomator2Driver@2dda (735db5ca)]&amp#27;[0m Matched '/element' to command name 'findElement'
&amp#27;[38;5;32m[AndroidUiautomator2Driver@2dda (735db5ca)]&amp#27;[0m Proxying [POST /element] to [POST http://127.0.0.1:8201/session/0a6d7faf-2b8f-4219-871a-f868e2a954d8/element] with body: {"strategy":"id","selector":"com.androidsample.generalstore:id/appbar_btn_cart","context":"","multiple":false}
&amp#27;[38;5;32m[AndroidUiautomator2Driver@2dda (735db5ca)]&amp#27;[0m Got response with status 200: {"sessionId":"0a6d7faf-2b8f-4219-871a-f868e2a954d8","value":{"ELEMENT":"00000000-0000-006b-ffff-ffff00000062","element-6066-11e4-a52e-4f735466cecf":"00000000-0000-006b-ffff-ffff00000062"}}
&amp#27;[38;5;32m[AndroidUiautomator2Driver@2dda (735db5ca)]&amp#27;[0m Responding to client with driver.findElement() result: {"element-6066-11e4-a52e-4f735466cecf":"00000000-0000-006b-ffff-ffff00000062","ELEMENT":"00000000-0000-006b-ffff-ffff00000062"}
&amp#27;[38;5;0m[HTTP]&amp#27;[0m <-- POST /session/735db5ca-b012-4c7d-a1ea-a2adf462b809/element 200 61 ms - 137
&amp#27;[38;5;0m[HTTP]&amp#27;[0m 
&amp#27;[38;5;0m[HTTP]&amp#27;[0m &amp#27;[37m-->&amp#27;[39m &amp#27;[37mPOST&amp#27;[39m &amp#27;[37m/session/735db5ca-b012-4c7d-a1ea-a2adf462b809/element/00000000-0000-006b-ffff-ffff00000062/click&amp#27;[39m
&amp#27;[38;5;0m[HTTP]&amp#27;[0m {"id":"00000000-0000-006b-ffff-ffff00000062"}
&amp#27;[38;5;32m[AndroidUiautomator2Driver@2dda (735db5ca)]&amp#27;[0m Calling AppiumDriver.click() with args: ["00000000-0000-006b-ffff-ffff00000062","735db5ca-b012-4c7d-a1ea-a2adf462b809"]
&amp#27;[38;5;32m[AndroidUiautomator2Driver@2dda (735db5ca)]&amp#27;[0m Matched '/element/00000000-0000-006b-ffff-ffff00000062/click' to command name 'click'
&amp#27;[38;5;32m[AndroidUiautomator2Driver@2dda (735db5ca)]&amp#27;[0m Proxying [POST /element/00000000-0000-006b-ffff-ffff00000062/click] to [POST http://127.0.0.1:8201/session/0a6d7faf-2b8f-4219-871a-f868e2a954d8/element/00000000-0000-006b-ffff-ffff00000062/click] with body: {"element":"00000000-0000-006b-ffff-ffff00000062"}
&amp#27;[38;5;32m[AndroidUiautomator2Driver@2dda (735db5ca)]&amp#27;[0m Got response with status 200: {"sessionId":"0a6d7faf-2b8f-4219-871a-f868e2a954d8","value":null}
&amp#27;[38;5;32m[AndroidUiautomator2Driver@2dda (735db5ca)]&amp#27;[0m Responding to client with driver.click() result: null
&amp#27;[38;5;0m[HTTP]&amp#27;[0m <-- POST /session/735db5ca-b012-4c7d-a1ea-a2adf462b809/element/00000000-0000-006b-ffff-ffff00000062/click 200 81 ms - 14
&amp#27;[38;5;0m[HTTP]&amp#27;[0m 
&amp#27;[38;5;0m[HTTP]&amp#27;[0m &amp#27;[37m-->&amp#27;[39m &amp#27;[37mGET&amp#27;[39m &amp#27;[37m/session/735db5ca-b012-4c7d-a1ea-a2adf462b809/context&amp#27;[39m
&amp#27;[38;5;0m[HTTP]&amp#27;[0m {}
&amp#27;[38;5;32m[AndroidUiautomator2Driver@2dda (735db5ca)]&amp#27;[0m Calling AppiumDriver.getCurrentContext() with args: ["735db5ca-b012-4c7d-a1ea-a2adf462b809"]
&amp#27;[38;5;32m[AndroidUiautomator2Driver@2dda (735db5ca)]&amp#27;[0m Responding to client with driver.getCurrentContext() result: "NATIVE_APP"
&amp#27;[38;5;0m[HTTP]&amp#27;[0m <-- GET /session/735db5ca-b012-4c7d-a1ea-a2adf462b809/context 200 1 ms - 22
&amp#27;[38;5;0m[HTTP]&amp#27;[0m 
&amp#27;[38;5;0m[HTTP]&amp#27;[0m &amp#27;[37m-->&amp#27;[39m &amp#27;[37mPOST&amp#27;[39m &amp#27;[37m/session/735db5ca-b012-4c7d-a1ea-a2adf462b809/elements&amp#27;[39m
&amp#27;[38;5;0m[HTTP]&amp#27;[0m {"value":"com.androidsample.generalstore:id/productPrice","using":"id"}
&amp#27;[38;5;32m[AndroidUiautomator2Driver@2dda (735db5ca)]&amp#27;[0m Calling AppiumDriver.findElements() with args: ["id","com.androidsample.generalstore:id/productPrice","735db5ca-b012-4c7d-a1ea-a2adf462b809"]
&amp#27;[38;5;32m[AndroidUiautomator2Driver@2dda (735db5ca)]&amp#27;[0m Valid locator strategies for this request: xpath, id, class name, accessibility id, css selector, -android uiautomator
&amp#27;[38;5;32m[AndroidUiautomator2Driver@2dda (735db5ca)]&amp#27;[0m Waiting up to 10000 ms for condition
&amp#27;[38;5;32m[AndroidUiautomator2Driver@2dda (735db5ca)]&amp#27;[0m Matched '/elements' to command name 'findElements'
&amp#27;[38;5;32m[AndroidUiautomator2Driver@2dda (735db5ca)]&amp#27;[0m Proxying [POST /elements] to [POST http://127.0.0.1:8201/session/0a6d7faf-2b8f-4219-871a-f868e2a954d8/elements] with body: {"strategy":"id","selector":"com.androidsample.generalstore:id/productPrice","context":"","multiple":true}
&amp#27;[38;5;32m[AndroidUiautomator2Driver@2dda (735db5ca)]&amp#27;[0m Got response with status 200: {"sessionId":"0a6d7faf-2b8f-4219-871a-f868e2a954d8","value":[{"ELEMENT":"00000000-0000-006c-ffff-ffff000000a4","element-6066-11e4-a52e-4f735466cecf":"00000000-0000-006c-ffff-ffff000000a4"},{"ELEMENT":"00000000-0000-006c-ffff-ffff000000ac","element-6066-11e4-a52e-4f735466cecf":"00000000-0000-006c-ffff-ffff000000ac"}]}
&amp#27;[38;5;32m[AndroidUiautomator2Driver@2dda (735db5ca)]&amp#27;[0m Responding to client with driver.findElements() result: [{"element-6066-11e4-a52e-4f735466cecf":"00000000-0000-006c-ffff-ffff000000a4","ELEMENT":"00000000-0000-006c-ffff-ffff000000a4"},{"element-6066-11e4-a52e-4f735466cecf":"00000000-0000-006c-ffff-ffff000000ac","ELEMENT":"00000000-0000-006c-ffff-ffff000000ac"}]
&amp#27;[38;5;0m[HTTP]&amp#27;[0m <-- POST /session/735db5ca-b012-4c7d-a1ea-a2adf462b809/elements 200 55 ms - 267
&amp#27;[38;5;0m[HTTP]&amp#27;[0m 
[...]
&amp#27;[38;5;32m[XCUITestDriver@4cc3]&amp#27;[0m Responding to client with driver.getCurrentContext() result: "NATIVE_APP"
&amp#27;[38;5;0m[HTTP]&amp#27;[0m <-- GET /session/0bb531f7-34f9-405d-a9f7-36fc36c05dad/context 200 10 ms - 22
&amp#27;[38;5;0m[HTTP]&amp#27;[0m 
&amp#27;[38;5;0m[HTTP]&amp#27;[0m &amp#27;[37m-->&amp#27;[39m &amp#27;[37mPOST&amp#27;[39m &amp#27;[37m/session/0bb531f7-34f9-405d-a9f7-36fc36c05dad/element&amp#27;[39m
&amp#27;[38;5;0m[HTTP]&amp#27;[0m {"value":"**/XCUIElementTypeStaticText[`label == 'Text Entry'`]","using":"-ios class chain"}
&amp#27;[38;5;32m[XCUITestDriver@4cc3]&amp#27;[0m Calling AppiumDriver.findElement() with args: ["-ios class chain","**/XCUIElementTypeStaticText[`label == 'Text Entry'`]","0bb531f7-34f9-405d-a9f7-36fc36c05dad"]
&amp#27;[38;5;32m[XCUITestDriver@4cc3]&amp#27;[0m Executing command 'findElement'
&amp#27;[38;5;32m[XCUITestDriver@4cc3]&amp#27;[0m Valid locator strategies for this request: xpath, id, name, class name, -ios predicate string, -ios class chain, accessibility id, css selector
&amp#27;[38;5;32m[XCUITestDriver@4cc3]&amp#27;[0m Waiting up to 10000 ms for condition
&amp#27;[38;5;32m[XCUITestDriver@4cc3]&amp#27;[0m Matched '/element' to command name 'findElement'
&amp#27;[38;5;32m[XCUITestDriver@4cc3]&amp#27;[0m Proxying [POST /element] to [POST http://127.0.0.1:8100/session/E413EFCB-AD9D-400A-8040-92B14AF9CE29/element] with body: {"using":"class chain","value":"**/XCUIElementTypeStaticText[`label == 'Text Entry'`]"}
&amp#27;[38;5;32m[XCUITestDriver@4cc3]&amp#27;[0m Got response with status 200: {"value":{"ELEMENT":"BB000000-0000-0000-412C-000000000000","element-6066-11e4-a52e-4f735466cecf":"BB000000-0000-0000-412C-000000000000"},"sessionId":"E413EFCB-AD9D-400A-8040-92B14AF9CE29"}
&amp#27;[38;5;32m[XCUITestDriver@4cc3]&amp#27;[0m Responding to client with driver.findElement() result: {"element-6066-11e4-a52e-4f735466cecf":"BB000000-0000-0000-412C-000000000000","ELEMENT":"BB000000-0000-0000-412C-000000000000"}
&amp#27;[38;5;0m[HTTP]&amp#27;[0m <-- POST /session/0bb531f7-34f9-405d-a9f7-36fc36c05dad/element 200 301 ms - 137
&amp#27;[38;5;0m[HTTP]&amp#27;[0m 
&amp#27;[38;5;0m[HTTP]&amp#27;[0m &amp#27;[37m-->&amp#27;[39m &amp#27;[37mPOST&amp#27;[39m &amp#27;[37m/session/0bb531f7-34f9-405d-a9f7-36fc36c05dad/element/BB000000-0000-0000-412C-000000000000/click&amp#27;[39m
&amp#27;[38;5;0m[HTTP]&amp#27;[0m {"id":"BB000000-0000-0000-412C-000000000000"}
&amp#27;[38;5;32m[XCUITestDriver@4cc3]&amp#27;[0m Driver proxy active, passing request on via HTTP proxy
&amp#27;[38;5;32m[XCUITestDriver@4cc3]&amp#27;[0m Executing command 'proxyReqRes'
&amp#27;[38;5;32m[XCUITestDriver@4cc3]&amp#27;[0m Matched '/session/0bb531f7-34f9-405d-a9f7-36fc36c05dad/element/BB000000-0000-0000-412C-000000000000/click' to command name 'click'
&amp#27;[38;5;32m[XCUITestDriver@4cc3]&amp#27;[0m Proxying [POST /session/0bb531f7-34f9-405d-a9f7-36fc36c05dad/element/BB000000-0000-0000-412C-000000000000/click] to [POST http://127.0.0.1:8100/session/E413EFCB-AD9D-400A-8040-92B14AF9CE29/element/BB000000-0000-0000-412C-000000000000/click] with body: {"id":"BB000000-0000-0000-412C-000000000000"}
&amp#27;[38;5;32m[XCUITestDriver@4cc3]&amp#27;[0m Got response with status 200: {"value":null,"sessionId":"E413EFCB-AD9D-400A-8040-92B14AF9CE29"}
&amp#27;[38;5;32m[XCUITestDriver@4cc3]&amp#27;[0m Replacing sessionId E413EFCB-AD9D-400A-8040-92B14AF9CE29 with 0bb531f7-34f9-405d-a9f7-36fc36c05dad
&amp#27;[38;5;0m[HTTP]&amp#27;[0m <-- POST /session/0bb531f7-34f9-405d-a9f7-36fc36c05dad/element/BB000000-0000-0000-412C-000000000000/click 200 3755 ms - 65
&amp#27;[38;5;0m[HTTP]&amp#27;[0m 
&amp#27;[38;5;0m[HTTP]&amp#27;[0m &amp#27;[37m-->&amp#27;[39m &amp#27;[37mGET&amp#27;[39m &amp#27;[37m/session/0bb531f7-34f9-405d-a9f7-36fc36c05dad/context&amp#27;[39m
&amp#27;[38;5;0m[HTTP]&amp#27;[0m {}
&amp#27;[38;5;32m[XCUITestDriver@4cc3]&amp#27;[0m Calling AppiumDriver.getCurrentContext() with args: ["0bb531f7-34f9-405d-a9f7-36fc36c05dad"]
&amp#27;[38;5;32m[XCUITestDriver@4cc3]&amp#27;[0m Executing command 'getCurrentContext'
&amp#27;[38;5;32m[XCUITestDriver@4cc3]&amp#27;[0m Responding to client with driver.getCurrentContext() result: "NATIVE_APP"
&amp#27;[38;5;0m[HTTP]&amp#27;[0m <-- GET /session/0bb531f7-34f9-405d-a9f7-36fc36c05dad/context 200 15 ms - 22
&amp#27;[38;5;0m[HTTP]&amp#27;[0m 
&amp#27;[38;5;0m[HTTP]&amp#27;[0m &amp#27;[37m-->&amp#27;[39m &amp#27;[37mPOST&amp#27;[39m &amp#27;[37m/session/0bb531f7-34f9-405d-a9f7-36fc36c05dad/element&amp#27;[39m
&amp#27;[38;5;0m[HTTP]&amp#27;[0m {"value":"**/XCUIElementTypeCell","using":"-ios class chain"}
&amp#27;[38;5;32m[XCUITestDriver@4cc3]&amp#27;[0m Calling AppiumDriver.findElement() with args: ["-ios class chain","**/XCUIElementTypeCell","0bb531f7-34f9-405d-a9f7-36fc36c05dad"]
&amp#27;[38;5;32m[XCUITestDriver@4cc3]&amp#27;[0m Executing command 'findElement'
&amp#27;[38;5;32m[XCUITestDriver@4cc3]&amp#27;[0m Valid locator strategies for this request: xpath, id, name, class name, -ios predicate string, -ios class chain, accessibility id, css selector
&amp#27;[38;5;32m[XCUITestDriver@4cc3]&amp#27;[0m Waiting up to 10000 ms for condition
&amp#27;[38;5;32m[XCUITestDriver@4cc3]&amp#27;[0m Matched '/element' to command name 'findElement'
&amp#27;[38;5;32m[XCUITestDriver@4cc3]&amp#27;[0m Proxying [POST /element] to [POST http://127.0.0.1:8100/session/E413EFCB-AD9D-400A-8040-92B14AF9CE29/element] with body: {"using":"class chain","value":"**/XCUIElementTypeCell"}
&amp#27;[38;5;32m[XCUITestDriver@4cc3]&amp#27;[0m Got response with status 200: {"value":{"ELEMENT":"A4000000-0000-0000-412C-000000000000","element-6066-11e4-a52e-4f735466cecf":"A4000000-0000-0000-412C-000000000000"},"sessionId":"E413EFCB-AD9D-400A-8040-92B14AF9CE29"}
&amp#27;[38;5;32m[XCUITestDriver@4cc3]&amp#27;[0m Responding to client with driver.findElement() result: {"element-6066-11e4-a52e-4f735466cecf":"A4000000-0000-0000-412C-000000000000","ELEMENT":"A4000000-0000-0000-412C-000000000000"}
&amp#27;[38;5;0m[HTTP]&amp#27;[0m <-- POST /session/0bb531f7-34f9-405d-a9f7-36fc36c05dad/element 200 1851 ms - 137
&amp#27;[38;5;0m[HTTP]&amp#27;[0m 
&amp#27;[38;5;0m[HTTP]&amp#27;[0m &amp#27;[37m-->&amp#27;[39m &amp#27;[37mPOST&amp#27;[39m &amp#27;[37m/session/0bb531f7-34f9-405d-a9f7-36fc36c05dad/element/A4000000-0000-0000-412C-000000000000/value&amp#27;[39m
&amp#27;[38;5;0m[HTTP]&amp#27;[0m {"text":"Hello World!","value":["H","e","l","l","o"," ","W","o","r","l","d","!"],"id":"A4000000-0000-0000-412C-000000000000"}
&amp#27;[38;5;32m[XCUITestDriver@4cc3]&amp#27;[0m Calling AppiumDriver.setValue() with args: [["H","e","l","l","o"," ","W","o","r","l","d","!"],"A4000000-0000-0000-412C-000000000000","0bb531f7-34f9-405d-a9f7-36fc36c05dad"]
&amp#27;[38;5;32m[XCUITestDriver@4cc3]&amp#27;[0m Executing command 'setValue'
&amp#27;[38;5;32m[XCUITestDriver@4cc3]&amp#27;[0m Matched '/element/A4000000-0000-0000-412C-000000000000/value' to command name 'setValue'
&amp#27;[38;5;32m[XCUITestDriver@4cc3]&amp#27;[0m Added 'text' property "Hello World!" to 'setValue' request body
&amp#27;[38;5;32m[XCUITestDriver@4cc3]&amp#27;[0m Proxying [POST /element/A4000000-0000-0000-412C-000000000000/value] to [POST http://127.0.0.1:8100/session/E413EFCB-AD9D-400A-8040-92B14AF9CE29/element/A4000000-0000-0000-412C-000000000000/value] with body: {"value":["H","e","l","l","o"," ","W","o","r","l","d","!"],"text":"Hello World!"}
&amp#27;[38;5;32m[XCUITestDriver@4cc3]&amp#27;[0m Got response with status 200: {"value":null,"sessionId":"E413EFCB-AD9D-400A-8040-92B14AF9CE29"}
&amp#27;[38;5;32m[XCUITestDriver@4cc3]&amp#27;[0m Responding to client with driver.setValue() result: null
&amp#27;[38;5;0m[HTTP]&amp#27;[0m <-- POST /session/0bb531f7-34f9-405d-a9f7-36fc36c05dad/element/A4000000-0000-0000-412C-000000000000/value 200 2484 ms - 14
&amp#27;[38;5;0m[HTTP]&amp#27;[0m 
&amp#27;[38;5;0m[HTTP]&amp#27;[0m &amp#27;[37m-->&amp#27;[39m &amp#27;[37mGET&amp#27;[39m &amp#27;[37m/session/0bb531f7-34f9-405d-a9f7-36fc36c05dad/context&amp#27;[39m
&amp#27;[38;5;0m[HTTP]&amp#27;[0m {}
&amp#27;[38;5;32m[XCUITestDriver@4cc3]&amp#27;[0m Calling AppiumDriver.getCurrentContext() with args: ["0bb531f7-34f9-405d-a9f7-36fc36c05dad"]
&amp#27;[38;5;32m[XCUITestDriver@4cc3]&amp#27;[0m Executing command 'getCurrentContext'
&amp#27;[38;5;32m[XCUITestDriver@4cc3]&amp#27;[0m Responding to client with driver.getCurrentContext() result: "NATIVE_APP"
&amp#27;[38;5;0m[HTTP]&amp#27;[0m <-- GET /session/0bb531f7-34f9-405d-a9f7-36fc36c05dad/context 200 11 ms - 22
&amp#27;[38;5;0m[HTTP]&amp#27;[0m 
&amp#27;[38;5;0m[HTTP]&amp#27;[0m &amp#27;[37m-->&amp#27;[39m &amp#27;[37mPOST&amp#27;[39m &amp#27;[37m/session/0bb531f7-34f9-405d-a9f7-36fc36c05dad/element&amp#27;[39m
&amp#27;[38;5;0m[HTTP]&amp#27;[0m {"value":"OK","using":"accessibility id"}
&amp#27;[38;5;32m[XCUITestDriver@4cc3]&amp#27;[0m Calling AppiumDriver.findElement() with args: ["accessibility id","OK","0bb531f7-34f9-405d-a9f7-36fc36c05dad"]
&amp#27;[38;5;32m[XCUITestDriver@4cc3]&amp#27;[0m Executing command 'findElement'
&amp#27;[38;5;32m[XCUITestDriver@4cc3]&amp#27;[0m Valid locator strategies for this request: xpath, id, name, class name, -ios predicate string, -ios class chain, accessibility id, css selector
&amp#27;[38;5;32m[XCUITestDriver@4cc3]&amp#27;[0m Waiting up to 10000 ms for condition
&amp#27;[38;5;32m[XCUITestDriver@4cc3]&amp#27;[0m Matched '/element' to command name 'findElement'
&amp#27;[38;5;32m[XCUITestDriver@4cc3]&amp#27;[0m Proxying [POST /element] to [POST http://127.0.0.1:8100/session/E413EFCB-AD9D-400A-8040-92B14AF9CE29/element] with body: {"using":"accessibility id","value":"OK"}
&amp#27;[38;5;32m[XCUITestDriver@4cc3]&amp#27;[0m Got response with status 200: {"value":{"ELEMENT":"2C010000-0000-0000-412C-000000000000","element-6066-11e4-a52e-4f735466cecf":"2C010000-0000-0000-412C-000000000000"},"sessionId":"E413EFCB-AD9D-400A-8040-92B14AF9CE29"}
&amp#27;[38;5;32m[XCUITestDriver@4cc3]&amp#27;[0m Responding to client with driver.findElement() result: {"element-6066-11e4-a52e-4f735466cecf":"2C010000-0000-0000-412C-000000000000","ELEMENT":"2C010000-0000-0000-412C-000000000000"}
&amp#27;[38;5;0m[HTTP]&amp#27;[0m <-- POST /session/0bb531f7-34f9-405d-a9f7-36fc36c05dad/element 200 1156 ms - 137
&amp#27;[38;5;0m[HTTP]&amp#27;[0m 
&amp#27;[38;5;0m[HTTP]&amp#27;[0m &amp#27;[37m-->&amp#27;[39m &amp#27;[37mPOST&amp#27;[39m &amp#27;[37m/session/0bb531f7-34f9-405d-a9f7-36fc36c05dad/element/2C010000-0000-0000-412C-000000000000/click&amp#27;[39m
&amp#27;[38;5;0m[HTTP]&amp#27;[0m {"id":"2C010000-0000-0000-412C-000000000000"}
&amp#27;[38;5;32m[XCUITestDriver@4cc3]&amp#27;[0m Driver proxy active, passing request on via HTTP proxy
&amp#27;[38;5;32m[XCUITestDriver@4cc3]&amp#27;[0m Executing command 'proxyReqRes'
&amp#27;[38;5;32m[XCUITestDriver@4cc3]&amp#27;[0m Matched '/session/0bb531f7-34f9-405d-a9f7-36fc36c05dad/element/2C010000-0000-0000-412C-000000000000/click' to command name 'click'
&amp#27;[38;5;32m[XCUITestDriver@4cc3]&amp#27;[0m Proxying [POST /session/0bb531f7-34f9-405d-a9f7-36fc36c05dad/element/2C010000-0000-0000-412C-000000000000/click] to [POST http://127.0.0.1:8100/session/E413EFCB-AD9D-400A-8040-92B14AF9CE29/element/2C010000-0000-0000-412C-000000000000/click] with body: {"id":"2C010000-0000-0000-412C-000000000000"}
&amp#27;[38;5;32m[XCUITestDriver@4cc3]&amp#27;[0m Got response with status 200: {"value":null,"sessionId":"E413EFCB-AD9D-400A-8040-92B14AF9CE29"}
&amp#27;[38;5;32m[XCUITestDriver@4cc3]&amp#27;[0m Replacing sessionId E413EFCB-AD9D-400A-8040-92B14AF9CE29 with 0bb531f7-34f9-405d-a9f7-36fc36c05dad
&amp#27;[38;5;0m[HTTP]&amp#27;[0m <-- POST /session/0bb531f7-34f9-405d-a9f7-36fc36c05dad/element/2C010000-0000-0000-412C-000000000000/click 200 2070 ms - 65
&amp#27;[38;5;0m[HTTP]&amp#27;[0m 
&amp#27;[38;5;0m[HTTP]&amp#27;[0m &amp#27;[37m-->&amp#27;[39m &amp#27;[37mGET&amp#27;[39m &amp#27;[37m/session/0bb531f7-34f9-405d-a9f7-36fc36c05dad/context&amp#27;[39m
&amp#27;[38;5;0m[HTTP]&amp#27;[0m {}
&amp#27;[38;5;32m[XCUITestDriver@4cc3]&amp#27;[0m Calling AppiumDriver.getCurrentContext() with args: ["0bb531f7-34f9-405d-a9f7-36fc36c05dad"]
&amp#27;[38;5;32m[XCUITestDriver@4cc3]&amp#27;[0m Executing command 'getCurrentContext'
&amp#27;[38;5;32m[XCUITestDriver@4cc3]&amp#27;[0m Responding to client with driver.getCurrentContext() result: "NATIVE_APP"
&amp#27;[38;5;0m[HTTP]&amp#27;[0m <-- GET /session/0bb531f7-34f9-405d-a9f7-36fc36c05dad/context 200 1 ms - 22
&amp#27;[38;5;0m[HTTP]&amp#27;[0m 
&amp#27;[38;5;0m[HTTP]&amp#27;[0m &amp#27;[37m-->&amp#27;[39m &amp#27;[37mPOST&amp#27;[39m &amp#27;[37m/session/0bb531f7-34f9-405d-a9f7-36fc36c05dad/element&amp#27;[39m
&amp#27;[38;5;0m[HTTP]&amp#27;[0m {"value":"type == 'XCUIElementTypeStaticText' AND value BEGINSWITH[c] 'Confirm'","using":"-ios predicate string"}
&amp#27;[38;5;32m[XCUITestDriver@4cc3]&amp#27;[0m Calling AppiumDriver.findElement() with args: ["-ios predicate string","type == 'XCUIElementTypeStaticText' AND value BEGINSWITH[c] 'Confirm'","0bb531f7-34f9-405d-a9f7-36fc36c05dad"]
&amp#27;[38;5;32m[XCUITestDriver@4cc3]&amp#27;[0m Executing command 'findElement'
&amp#27;[38;5;32m[XCUITestDriver@4cc3]&amp#27;[0m Valid locator strategies for this request: xpath, id, name, class name, -ios predicate string, -ios class chain, accessibility id, css selector
&amp#27;[38;5;32m[XCUITestDriver@4cc3]&amp#27;[0m Waiting up to 10000 ms for condition
&amp#27;[38;5;32m[XCUITestDriver@4cc3]&amp#27;[0m Matched '/element' to command name 'findElement'
&amp#27;[38;5;32m[XCUITestDriver@4cc3]&amp#27;[0m Proxying [POST /element] to [POST http://127.0.0.1:8100/session/E413EFCB-AD9D-400A-8040-92B14AF9CE29/element] with body: {"using":"predicate string","value":"type == 'XCUIElementTypeStaticText' AND value BEGINSWITH[c] 'Confirm'"}
&amp#27;[38;5;32m[XCUITestDriver@4cc3]&amp#27;[0m Got response with status 200: {"value":{"ELEMENT":"C5000000-0000-0000-412C-000000000000","element-6066-11e4-a52e-4f735466cecf":"C5000000-0000-0000-412C-000000000000"},"sessionId":"E413EFCB-AD9D-400A-8040-92B14AF9CE29"}
&amp#27;[38;5;32m[XCUITestDriver@4cc3]&amp#27;[0m Responding to client with driver.findElement() result: {"element-6066-11e4-a52e-4f735466cecf":"C5000000-0000-0000-412C-000000000000","ELEMENT":"C5000000-0000-0000-412C-000000000000"}
&amp#27;[38;5;0m[HTTP]&amp#27;[0m <-- POST /session/0bb531f7-34f9-405d-a9f7-36fc36c05dad/element 200 665 ms - 137
&amp#27;[38;5;0m[HTTP]&amp#27;[0m 
&amp#27;[38;5;0m[HTTP]&amp#27;[0m &amp#27;[37m-->&amp#27;[39m &amp#27;[37mPOST&amp#27;[39m &amp#27;[37m/session/0bb531f7-34f9-405d-a9f7-36fc36c05dad/element/C5000000-0000-0000-412C-000000000000/click&amp#27;[39m
&amp#27;[38;5;0m[HTTP]&amp#27;[0m {"id":"C5000000-0000-0000-412C-000000000000"}
&amp#27;[38;5;32m[XCUITestDriver@4cc3]&amp#27;[0m Driver proxy active, passing request on via HTTP proxy
&amp#27;[38;5;32m[XCUITestDriver@4cc3]&amp#27;[0m Executing command 'proxyReqRes'
&amp#27;[38;5;32m[XCUITestDriver@4cc3]&amp#27;[0m Matched '/session/0bb531f7-34f9-405d-a9f7-36fc36c05dad/element/C5000000-0000-0000-412C-000000000000/click' to command name 'click'
&amp#27;[38;5;32m[XCUITestDriver@4cc3]&amp#27;[0m Proxying [POST /session/0bb531f7-34f9-405d-a9f7-36fc36c05dad/element/C5000000-0000-0000-412C-000000000000/click] to [POST http://127.0.0.1:8100/session/E413EFCB-AD9D-400A-8040-92B14AF9CE29/element/C5000000-0000-0000-412C-000000000000/click] with body: {"id":"C5000000-0000-0000-412C-000000000000"}
&amp#27;[38;5;32m[XCUITestDriver@4cc3]&amp#27;[0m Got response with status 200: {"value":null,"sessionId":"E413EFCB-AD9D-400A-8040-92B14AF9CE29"}
&amp#27;[38;5;32m[XCUITestDriver@4cc3]&amp#27;[0m Replacing sessionId E413EFCB-AD9D-400A-8040-92B14AF9CE29 with 0bb531f7-34f9-405d-a9f7-36fc36c05dad
&amp#27;[38;5;0m[HTTP]&amp#27;[0m <-- POST /session/0bb531f7-34f9-405d-a9f7-36fc36c05dad/element/C5000000-0000-0000-412C-000000000000/click 200 1251 ms - 65
&amp#27;[38;5;0m[HTTP]&amp#27;[0m 
&amp#27;[38;5;0m[HTTP]&amp#27;[0m &amp#27;[37m-->&amp#27;[39m &amp#27;[37mGET&amp#27;[39m &amp#27;[37m/session/0bb531f7-34f9-405d-a9f7-36fc36c05dad/context&amp#27;[39m
&amp#27;[38;5;0m[HTTP]&amp#27;[0m {}
&amp#27;[38;5;32m[XCUITestDriver@4cc3]&amp#27;[0m Calling AppiumDriver.getCurrentContext() with args: ["0bb531f7-34f9-405d-a9f7-36fc36c05dad"]
&amp#27;[38;5;32m[XCUITestDriver@4cc3]&amp#27;[0m Executing command 'getCurrentContext'
&amp#27;[38;5;32m[XCUITestDriver@4cc3]&amp#27;[0m Responding to client with driver.getCurrentContext() result: "NATIVE_APP"
&amp#27;[38;5;0m[HTTP]&amp#27;[0m <-- GET /session/0bb531f7-34f9-405d-a9f7-36fc36c05dad/context 200 2 ms - 22
&amp#27;[38;5;0m[HTTP]&amp#27;[0m 
&amp#27;[38;5;0m[HTTP]&amp#27;[0m &amp#27;[37m-->&amp#27;[39m &amp#27;[37mPOST&amp#27;[39m &amp#27;[37m/session/0bb531f7-34f9-405d-a9f7-36fc36c05dad/element&amp#27;[39m
&amp#27;[38;5;0m[HTTP]&amp#27;[0m {"value":"name BEGINSWITH[c] 'A message' ","using":"-ios predicate string"}
&amp#27;[38;5;32m[XCUITestDriver@4cc3]&amp#27;[0m Calling AppiumDriver.findElement() with args: ["-ios predicate string","name BEGINSWITH[c] 'A message' ","0bb531f7-34f9-405d-a9f7-36fc36c05dad"]
&amp#27;[38;5;32m[XCUITestDriver@4cc3]&amp#27;[0m Executing command 'findElement'
&amp#27;[38;5;32m[XCUITestDriver@4cc3]&amp#27;[0m Valid locator strategies for this request: xpath, id, name, class name, -ios predicate string, -ios class chain, accessibility id, css selector
&amp#27;[38;5;32m[XCUITestDriver@4cc3]&amp#27;[0m Waiting up to 10000 ms for condition
&amp#27;[38;5;32m[XCUITestDriver@4cc3]&amp#27;[0m Matched '/element' to command name 'findElement'
&amp#27;[38;5;32m[XCUITestDriver@4cc3]&amp#27;[0m Proxying [POST /element] to [POST http://127.0.0.1:8100/session/E413EFCB-AD9D-400A-8040-92B14AF9CE29/element] with body: {"using":"predicate string","value":"name BEGINSWITH[c] 'A message' "}
&amp#27;[38;5;32m[XCUITestDriver@4cc3]&amp#27;[0m Got response with status 200: {"value":{"ELEMENT":"60010000-0000-0000-412C-000000000000","element-6066-11e4-a52e-4f735466cecf":"60010000-0000-0000-412C-000000000000"},"sessionId":"E413EFCB-AD9D-400A-8040-92B14AF9CE29"}
&amp#27;[38;5;32m[XCUITestDriver@4cc3]&amp#27;[0m Responding to client with driver.findElement() result: {"element-6066-11e4-a52e-4f735466cecf":"60010000-0000-0000-412C-000000000000","ELEMENT":"60010000-0000-0000-412C-000000000000"}
&amp#27;[38;5;0m[HTTP]&amp#27;[0m <-- POST /session/0bb531f7-34f9-405d-a9f7-36fc36c05dad/element 200 739 ms - 137
&amp#27;[38;5;0m[HTTP]&amp#27;[0m 
&amp#27;[38;5;0m[HTTP]&amp#27;[0m &amp#27;[37m-->&amp#27;[39m &amp#27;[37mGET&amp#27;[39m &amp#27;[37m/session/0bb531f7-34f9-405d-a9f7-36fc36c05dad/element/60010000-0000-0000-412C-000000000000/text&amp#27;[39m
&amp#27;[38;5;0m[HTTP]&amp#27;[0m {}
&amp#27;[38;5;32m[XCUITestDriver@4cc3]&amp#27;[0m Driver proxy active, passing request on via HTTP proxy
&amp#27;[38;5;32m[XCUITestDriver@4cc3]&amp#27;[0m Executing command 'proxyReqRes'
&amp#27;[38;5;32m[XCUITestDriver@4cc3]&amp#27;[0m Matched '/session/0bb531f7-34f9-405d-a9f7-36fc36c05dad/element/60010000-0000-0000-412C-000000000000/text' to command name 'getText'
&amp#27;[38;5;32m[XCUITestDriver@4cc3]&amp#27;[0m Proxying [GET /session/0bb531f7-34f9-405d-a9f7-36fc36c05dad/element/60010000-0000-0000-412C-000000000000/text] to [GET http://127.0.0.1:8100/session/E413EFCB-AD9D-400A-8040-92B14AF9CE29/element/60010000-0000-0000-412C-000000000000/text] with no body
&amp#27;[38;5;32m[XCUITestDriver@4cc3]&amp#27;[0m Got response with status 200: {"value":"A message should be a short, complete sentence.","sessionId":"E413EFCB-AD9D-400A-8040-92B14AF9CE29"}
&amp#27;[38;5;32m[XCUITestDriver@4cc3]&amp#27;[0m Replacing sessionId E413EFCB-AD9D-400A-8040-92B14AF9CE29 with 0bb531f7-34f9-405d-a9f7-36fc36c05dad
&amp#27;[38;5;0m[HTTP]&amp#27;[0m <-- GET /session/0bb531f7-34f9-405d-a9f7-36fc36c05dad/element/60010000-0000-0000-412C-000000000000/text 200 303 ms - 110
&amp#27;[38;5;0m[HTTP]&amp#27;[0m 
]]></system-out>
  </testcase>
</testsuite>